The system is: Darwin - 18.2.0 - x86_64
Compiling the CXX compiler identification source file "CMakeCXXCompilerId.cpp" succeeded.
Compiler: /usr/local/bin/g++-8 
Build flags: 
Id flags:  

The output was:
0


Compilation of the CXX compiler identification source "CMakeCXXCompilerId.cpp" produced "a.out"

The CXX compiler identification is GNU, found in "/Users/walterlau/Desktop/teste/lslnis/LSOracle/cmake-build-debug/CMakeFiles/3.12.0/CompilerIdCXX/a.out"

Determining if the CXX compiler works passed with the following output:
Change Dir: /Users/walterlau/Desktop/teste/lslnis/LSOracle/cmake-build-debug/CMakeFiles/CMakeTmp

Run Build Command:"/usr/bin/make" "cmTC_30e66/fast"
/Library/Developer/CommandLineTools/usr/bin/make -f CMakeFiles/cmTC_30e66.dir/build.make CMakeFiles/cmTC_30e66.dir/build
Building CXX object CMakeFiles/cmTC_30e66.dir/testCXXCompiler.cxx.o
/usr/local/bin/g++-8     -o CMakeFiles/cmTC_30e66.dir/testCXXCompiler.cxx.o -c /Users/walterlau/Desktop/teste/lslnis/LSOracle/cmake-build-debug/CMakeFiles/CMakeTmp/testCXXCompiler.cxx
Linking CXX executable cmTC_30e66
/Applications/CLion.app/Contents/bin/cmake/mac/bin/cmake -E cmake_link_script CMakeFiles/cmTC_30e66.dir/link.txt --verbose=1
/usr/local/bin/g++-8    -Wl,-search_paths_first -Wl,-headerpad_max_install_names   CMakeFiles/cmTC_30e66.dir/testCXXCompiler.cxx.o  -o cmTC_30e66 


Detecting CXX compiler ABI info compiled with the following output:
Change Dir: /Users/walterlau/Desktop/teste/lslnis/LSOracle/cmake-build-debug/CMakeFiles/CMakeTmp

Run Build Command:"/usr/bin/make" "cmTC_d1390/fast"
/Library/Developer/CommandLineTools/usr/bin/make -f CMakeFiles/cmTC_d1390.dir/build.make CMakeFiles/cmTC_d1390.dir/build
Building CXX object CMakeFiles/cmTC_d1390.dir/CMakeCXXCompilerABI.cpp.o
/usr/local/bin/g++-8     -o CMakeFiles/cmTC_d1390.dir/CMakeCXXCompilerABI.cpp.o -c /Applications/CLion.app/Contents/bin/cmake/mac/share/cmake-3.12/Modules/CMakeCXXCompilerABI.cpp
Linking CXX executable cmTC_d1390
/Applications/CLion.app/Contents/bin/cmake/mac/bin/cmake -E cmake_link_script CMakeFiles/cmTC_d1390.dir/link.txt --verbose=1
/usr/local/bin/g++-8    -Wl,-search_paths_first -Wl,-headerpad_max_install_names  -v -Wl,-v CMakeFiles/cmTC_d1390.dir/CMakeCXXCompilerABI.cpp.o  -o cmTC_d1390 
Using built-in specs.
COLLECT_GCC=/usr/local/bin/g++-8
COLLECT_LTO_WRAPPER=/usr/local/Cellar/gcc/8.2.0/libexec/gcc/x86_64-apple-darwin17.7.0/8.2.0/lto-wrapper
Target: x86_64-apple-darwin17.7.0
Configured with: ../configure --build=x86_64-apple-darwin17.7.0 --prefix=/usr/local/Cellar/gcc/8.2.0 --libdir=/usr/local/Cellar/gcc/8.2.0/lib/gcc/8 --enable-languages=c,c++,objc,obj-c++,fortran --program-suffix=-8 --with-gmp=/usr/local/opt/gmp --with-mpfr=/usr/local/opt/mpfr --with-mpc=/usr/local/opt/libmpc --with-isl=/usr/local/opt/isl --with-system-zlib --enable-checking=release --with-pkgversion='Homebrew GCC 8.2.0' --with-bugurl=https://github.com/Homebrew/homebrew-core/issues --disable-nls
Thread model: posix
gcc version 8.2.0 (Homebrew GCC 8.2.0) 
COMPILER_PATH=/usr/local/Cellar/gcc/8.2.0/libexec/gcc/x86_64-apple-darwin17.7.0/8.2.0/:/usr/local/Cellar/gcc/8.2.0/libexec/gcc/x86_64-apple-darwin17.7.0/8.2.0/:/usr/local/Cellar/gcc/8.2.0/libexec/gcc/x86_64-apple-darwin17.7.0/:/usr/local/Cellar/gcc/8.2.0/lib/gcc/8/gcc/x86_64-apple-darwin17.7.0/8.2.0/:/usr/local/Cellar/gcc/8.2.0/lib/gcc/8/gcc/x86_64-apple-darwin17.7.0/
LIBRARY_PATH=/usr/local/Cellar/gcc/8.2.0/lib/gcc/8/gcc/x86_64-apple-darwin17.7.0/8.2.0/:/usr/local/Cellar/gcc/8.2.0/lib/gcc/8/gcc/x86_64-apple-darwin17.7.0/8.2.0/../../../
COLLECT_GCC_OPTIONS='-v' '-o' 'cmTC_d1390' '-mmacosx-version-min=10.14.0' '-asm_macosx_version_min=10.14' '-shared-libgcc' '-mtune=core2'
 /usr/local/Cellar/gcc/8.2.0/libexec/gcc/x86_64-apple-darwin17.7.0/8.2.0/collect2 -dynamic -arch x86_64 -macosx_version_min 10.14.0 -weak_reference_mismatches non-weak -o cmTC_d1390 -L/usr/local/Cellar/gcc/8.2.0/lib/gcc/8/gcc/x86_64-apple-darwin17.7.0/8.2.0 -L/usr/local/Cellar/gcc/8.2.0/lib/gcc/8/gcc/x86_64-apple-darwin17.7.0/8.2.0/../../.. -search_paths_first -headerpad_max_install_names -v CMakeFiles/cmTC_d1390.dir/CMakeCXXCompilerABI.cpp.o -lstdc++ -no_compact_unwind -lSystem -lgcc_ext.10.5 -lgcc -lSystem -v
collect2 version 8.2.0
/usr/bin/ld -dynamic -arch x86_64 -macosx_version_min 10.14.0 -weak_reference_mismatches non-weak -o cmTC_d1390 -L/usr/local/Cellar/gcc/8.2.0/lib/gcc/8/gcc/x86_64-apple-darwin17.7.0/8.2.0 -L/usr/local/Cellar/gcc/8.2.0/lib/gcc/8/gcc/x86_64-apple-darwin17.7.0/8.2.0/../../.. -search_paths_first -headerpad_max_install_names -v CMakeFiles/cmTC_d1390.dir/CMakeCXXCompilerABI.cpp.o -lstdc++ -no_compact_unwind -lSystem -lgcc_ext.10.5 -lgcc -lSystem -v
@(#)PROGRAM:ld  PROJECT:ld64-409.12
BUILD 17:47:51 Sep 25 2018
configured to support archs: armv6 armv7 armv7s arm64 i386 x86_64 x86_64h armv6m armv7k armv7m armv7em
@(#)PROGRAM:ld  PROJECT:ld64-409.12
BUILD 17:47:51 Sep 25 2018
configured to support archs: armv6 armv7 armv7s arm64 i386 x86_64 x86_64h armv6m armv7k armv7m armv7em
Library search paths:
	/usr/local/Cellar/gcc/8.2.0/lib/gcc/8/gcc/x86_64-apple-darwin17.7.0/8.2.0
	/usr/local/Cellar/gcc/8.2.0/lib/gcc/8
	/usr/lib
	/usr/local/lib
Framework search paths:
	/Library/Frameworks/
	/System/Library/Frameworks/
 /usr/bin/nm -n CMakeFiles/cmTC_d1390.dir/CMakeCXXCompilerABI.cpp.o


Parsed CXX implicit link information from above output:
  link line regex: [^( *|.*[/\])(ld|CMAKE_LINK_STARTFILE-NOTFOUND|([^/\]+-)?ld|collect2)[^/\]*( |$)]
  ignore line: [Change Dir: /Users/walterlau/Desktop/teste/lslnis/LSOracle/cmake-build-debug/CMakeFiles/CMakeTmp]
  ignore line: []
  ignore line: [Run Build Command:"/usr/bin/make" "cmTC_d1390/fast"]
  ignore line: [/Library/Developer/CommandLineTools/usr/bin/make -f CMakeFiles/cmTC_d1390.dir/build.make CMakeFiles/cmTC_d1390.dir/build]
  ignore line: [Building CXX object CMakeFiles/cmTC_d1390.dir/CMakeCXXCompilerABI.cpp.o]
  ignore line: [/usr/local/bin/g++-8     -o CMakeFiles/cmTC_d1390.dir/CMakeCXXCompilerABI.cpp.o -c /Applications/CLion.app/Contents/bin/cmake/mac/share/cmake-3.12/Modules/CMakeCXXCompilerABI.cpp]
  ignore line: [Linking CXX executable cmTC_d1390]
  ignore line: [/Applications/CLion.app/Contents/bin/cmake/mac/bin/cmake -E cmake_link_script CMakeFiles/cmTC_d1390.dir/link.txt --verbose=1]
  ignore line: [/usr/local/bin/g++-8    -Wl,-search_paths_first -Wl,-headerpad_max_install_names  -v -Wl,-v CMakeFiles/cmTC_d1390.dir/CMakeCXXCompilerABI.cpp.o  -o cmTC_d1390 ]
  ignore line: [Using built-in specs.]
  ignore line: [COLLECT_GCC=/usr/local/bin/g++-8]
  ignore line: [COLLECT_LTO_WRAPPER=/usr/local/Cellar/gcc/8.2.0/libexec/gcc/x86_64-apple-darwin17.7.0/8.2.0/lto-wrapper]
  ignore line: [Target: x86_64-apple-darwin17.7.0]
  ignore line: [Configured with: ../configure --build=x86_64-apple-darwin17.7.0 --prefix=/usr/local/Cellar/gcc/8.2.0 --libdir=/usr/local/Cellar/gcc/8.2.0/lib/gcc/8 --enable-languages=c,c++,objc,obj-c++,fortran --program-suffix=-8 --with-gmp=/usr/local/opt/gmp --with-mpfr=/usr/local/opt/mpfr --with-mpc=/usr/local/opt/libmpc --with-isl=/usr/local/opt/isl --with-system-zlib --enable-checking=release --with-pkgversion='Homebrew GCC 8.2.0' --with-bugurl=https://github.com/Homebrew/homebrew-core/issues --disable-nls]
  ignore line: [Thread model: posix]
  ignore line: [gcc version 8.2.0 (Homebrew GCC 8.2.0) ]
  ignore line: [COMPILER_PATH=/usr/local/Cellar/gcc/8.2.0/libexec/gcc/x86_64-apple-darwin17.7.0/8.2.0/:/usr/local/Cellar/gcc/8.2.0/libexec/gcc/x86_64-apple-darwin17.7.0/8.2.0/:/usr/local/Cellar/gcc/8.2.0/libexec/gcc/x86_64-apple-darwin17.7.0/:/usr/local/Cellar/gcc/8.2.0/lib/gcc/8/gcc/x86_64-apple-darwin17.7.0/8.2.0/:/usr/local/Cellar/gcc/8.2.0/lib/gcc/8/gcc/x86_64-apple-darwin17.7.0/]
  ignore line: [LIBRARY_PATH=/usr/local/Cellar/gcc/8.2.0/lib/gcc/8/gcc/x86_64-apple-darwin17.7.0/8.2.0/:/usr/local/Cellar/gcc/8.2.0/lib/gcc/8/gcc/x86_64-apple-darwin17.7.0/8.2.0/../../../]
  ignore line: [COLLECT_GCC_OPTIONS='-v' '-o' 'cmTC_d1390' '-mmacosx-version-min=10.14.0' '-asm_macosx_version_min=10.14' '-shared-libgcc' '-mtune=core2']
  link line: [ /usr/local/Cellar/gcc/8.2.0/libexec/gcc/x86_64-apple-darwin17.7.0/8.2.0/collect2 -dynamic -arch x86_64 -macosx_version_min 10.14.0 -weak_reference_mismatches non-weak -o cmTC_d1390 -L/usr/local/Cellar/gcc/8.2.0/lib/gcc/8/gcc/x86_64-apple-darwin17.7.0/8.2.0 -L/usr/local/Cellar/gcc/8.2.0/lib/gcc/8/gcc/x86_64-apple-darwin17.7.0/8.2.0/../../.. -search_paths_first -headerpad_max_install_names -v CMakeFiles/cmTC_d1390.dir/CMakeCXXCompilerABI.cpp.o -lstdc++ -no_compact_unwind -lSystem -lgcc_ext.10.5 -lgcc -lSystem -v]
    arg [/usr/local/Cellar/gcc/8.2.0/libexec/gcc/x86_64-apple-darwin17.7.0/8.2.0/collect2] ==> ignore
    arg [-dynamic] ==> ignore
    arg [-arch] ==> ignore
    arg [x86_64] ==> ignore
    arg [-macosx_version_min] ==> ignore
    arg [10.14.0] ==> ignore
    arg [-weak_reference_mismatches] ==> ignore
    arg [non-weak] ==> ignore
    arg [-o] ==> ignore
    arg [cmTC_d1390] ==> ignore
    arg [-L/usr/local/Cellar/gcc/8.2.0/lib/gcc/8/gcc/x86_64-apple-darwin17.7.0/8.2.0] ==> dir [/usr/local/Cellar/gcc/8.2.0/lib/gcc/8/gcc/x86_64-apple-darwin17.7.0/8.2.0]
    arg [-L/usr/local/Cellar/gcc/8.2.0/lib/gcc/8/gcc/x86_64-apple-darwin17.7.0/8.2.0/../../..] ==> dir [/usr/local/Cellar/gcc/8.2.0/lib/gcc/8/gcc/x86_64-apple-darwin17.7.0/8.2.0/../../..]
    arg [-search_paths_first] ==> ignore
    arg [-headerpad_max_install_names] ==> ignore
    arg [-v] ==> ignore
    arg [CMakeFiles/cmTC_d1390.dir/CMakeCXXCompilerABI.cpp.o] ==> ignore
    arg [-lstdc++] ==> lib [stdc++]
    arg [-no_compact_unwind] ==> ignore
    arg [-lSystem] ==> lib [System]
    arg [-lgcc_ext.10.5] ==> lib [gcc_ext.10.5]
    arg [-lgcc] ==> lib [gcc]
    arg [-lSystem] ==> lib [System]
    arg [-v] ==> ignore
  Library search paths: [;/usr/local/Cellar/gcc/8.2.0/lib/gcc/8/gcc/x86_64-apple-darwin17.7.0/8.2.0;/usr/local/Cellar/gcc/8.2.0/lib/gcc/8;/usr/lib;/usr/local/lib]
  Framework search paths: [;/Library/Frameworks/;/System/Library/Frameworks/]
  remove lib [System]
  remove lib [System]
  collapse library dir [/usr/local/Cellar/gcc/8.2.0/lib/gcc/8/gcc/x86_64-apple-darwin17.7.0/8.2.0] ==> [/usr/local/Cellar/gcc/8.2.0/lib/gcc/8/gcc/x86_64-apple-darwin17.7.0/8.2.0]
  collapse library dir [/usr/local/Cellar/gcc/8.2.0/lib/gcc/8/gcc/x86_64-apple-darwin17.7.0/8.2.0/../../..] ==> [/usr/local/Cellar/gcc/8.2.0/lib/gcc/8]
  collapse library dir [/usr/local/Cellar/gcc/8.2.0/lib/gcc/8/gcc/x86_64-apple-darwin17.7.0/8.2.0] ==> [/usr/local/Cellar/gcc/8.2.0/lib/gcc/8/gcc/x86_64-apple-darwin17.7.0/8.2.0]
  collapse library dir [/usr/local/Cellar/gcc/8.2.0/lib/gcc/8] ==> [/usr/local/Cellar/gcc/8.2.0/lib/gcc/8]
  collapse library dir [/usr/lib] ==> [/usr/lib]
  collapse library dir [/usr/local/lib] ==> [/usr/local/lib]
  collapse framework dir [/Library/Frameworks/] ==> [/Library/Frameworks]
  collapse framework dir [/System/Library/Frameworks/] ==> [/System/Library/Frameworks]
  implicit libs: [stdc++;gcc_ext.10.5;gcc]
  implicit dirs: [/usr/local/Cellar/gcc/8.2.0/lib/gcc/8/gcc/x86_64-apple-darwin17.7.0/8.2.0;/usr/local/Cellar/gcc/8.2.0/lib/gcc/8;/usr/lib;/usr/local/lib]
  implicit fwks: [/Library/Frameworks;/System/Library/Frameworks]




Detecting CXX [-std=c++2a] compiler features compiled with the following output:
Change Dir: /Users/walterlau/Desktop/teste/lslnis/LSOracle/cmake-build-debug/CMakeFiles/CMakeTmp

Run Build Command:"/usr/bin/make" "cmTC_5e55c/fast"
/Library/Developer/CommandLineTools/usr/bin/make -f CMakeFiles/cmTC_5e55c.dir/build.make CMakeFiles/cmTC_5e55c.dir/build
Building CXX object CMakeFiles/cmTC_5e55c.dir/feature_tests.cxx.o
/usr/local/bin/g++-8    -std=c++2a -o CMakeFiles/cmTC_5e55c.dir/feature_tests.cxx.o -c /Users/walterlau/Desktop/teste/lslnis/LSOracle/cmake-build-debug/CMakeFiles/feature_tests.cxx
Linking CXX executable cmTC_5e55c
/Applications/CLion.app/Contents/bin/cmake/mac/bin/cmake -E cmake_link_script CMakeFiles/cmTC_5e55c.dir/link.txt --verbose=1
/usr/local/bin/g++-8    -Wl,-search_paths_first -Wl,-headerpad_max_install_names   CMakeFiles/cmTC_5e55c.dir/feature_tests.cxx.o  -o cmTC_5e55c 


    Feature record: CXX_FEATURE:1cxx_aggregate_default_initializers
    Feature record: CXX_FEATURE:1cxx_alias_templates
    Feature record: CXX_FEATURE:1cxx_alignas
    Feature record: CXX_FEATURE:1cxx_alignof
    Feature record: CXX_FEATURE:1cxx_attributes
    Feature record: CXX_FEATURE:1cxx_attribute_deprecated
    Feature record: CXX_FEATURE:1cxx_auto_type
    Feature record: CXX_FEATURE:1cxx_binary_literals
    Feature record: CXX_FEATURE:1cxx_constexpr
    Feature record: CXX_FEATURE:1cxx_contextual_conversions
    Feature record: CXX_FEATURE:1cxx_decltype
    Feature record: CXX_FEATURE:1cxx_decltype_auto
    Feature record: CXX_FEATURE:1cxx_decltype_incomplete_return_types
    Feature record: CXX_FEATURE:1cxx_default_function_template_args
    Feature record: CXX_FEATURE:1cxx_defaulted_functions
    Feature record: CXX_FEATURE:1cxx_defaulted_move_initializers
    Feature record: CXX_FEATURE:1cxx_delegating_constructors
    Feature record: CXX_FEATURE:1cxx_deleted_functions
    Feature record: CXX_FEATURE:1cxx_digit_separators
    Feature record: CXX_FEATURE:1cxx_enum_forward_declarations
    Feature record: CXX_FEATURE:1cxx_explicit_conversions
    Feature record: CXX_FEATURE:1cxx_extended_friend_declarations
    Feature record: CXX_FEATURE:1cxx_extern_templates
    Feature record: CXX_FEATURE:1cxx_final
    Feature record: CXX_FEATURE:1cxx_func_identifier
    Feature record: CXX_FEATURE:1cxx_generalized_initializers
    Feature record: CXX_FEATURE:1cxx_generic_lambdas
    Feature record: CXX_FEATURE:1cxx_inheriting_constructors
    Feature record: CXX_FEATURE:1cxx_inline_namespaces
    Feature record: CXX_FEATURE:1cxx_lambdas
    Feature record: CXX_FEATURE:1cxx_lambda_init_captures
    Feature record: CXX_FEATURE:1cxx_local_type_template_args
    Feature record: CXX_FEATURE:1cxx_long_long_type
    Feature record: CXX_FEATURE:1cxx_noexcept
    Feature record: CXX_FEATURE:1cxx_nonstatic_member_init
    Feature record: CXX_FEATURE:1cxx_nullptr
    Feature record: CXX_FEATURE:1cxx_override
    Feature record: CXX_FEATURE:1cxx_range_for
    Feature record: CXX_FEATURE:1cxx_raw_string_literals
    Feature record: CXX_FEATURE:1cxx_reference_qualified_functions
    Feature record: CXX_FEATURE:1cxx_relaxed_constexpr
    Feature record: CXX_FEATURE:1cxx_return_type_deduction
    Feature record: CXX_FEATURE:1cxx_right_angle_brackets
    Feature record: CXX_FEATURE:1cxx_rvalue_references
    Feature record: CXX_FEATURE:1cxx_sizeof_member
    Feature record: CXX_FEATURE:1cxx_static_assert
    Feature record: CXX_FEATURE:1cxx_strong_enums
    Feature record: CXX_FEATURE:1cxx_template_template_parameters
    Feature record: CXX_FEATURE:1cxx_thread_local
    Feature record: CXX_FEATURE:1cxx_trailing_return_types
    Feature record: CXX_FEATURE:1cxx_unicode_literals
    Feature record: CXX_FEATURE:1cxx_uniform_initialization
    Feature record: CXX_FEATURE:1cxx_unrestricted_unions
    Feature record: CXX_FEATURE:1cxx_user_literals
    Feature record: CXX_FEATURE:1cxx_variable_templates
    Feature record: CXX_FEATURE:1cxx_variadic_macros
    Feature record: CXX_FEATURE:1cxx_variadic_templates


Detecting CXX [-std=c++17] compiler features compiled with the following output:
Change Dir: /Users/walterlau/Desktop/teste/lslnis/LSOracle/cmake-build-debug/CMakeFiles/CMakeTmp

Run Build Command:"/usr/bin/make" "cmTC_3e512/fast"
/Library/Developer/CommandLineTools/usr/bin/make -f CMakeFiles/cmTC_3e512.dir/build.make CMakeFiles/cmTC_3e512.dir/build
Building CXX object CMakeFiles/cmTC_3e512.dir/feature_tests.cxx.o
/usr/local/bin/g++-8    -std=c++17 -o CMakeFiles/cmTC_3e512.dir/feature_tests.cxx.o -c /Users/walterlau/Desktop/teste/lslnis/LSOracle/cmake-build-debug/CMakeFiles/feature_tests.cxx
Linking CXX executable cmTC_3e512
/Applications/CLion.app/Contents/bin/cmake/mac/bin/cmake -E cmake_link_script CMakeFiles/cmTC_3e512.dir/link.txt --verbose=1
/usr/local/bin/g++-8    -Wl,-search_paths_first -Wl,-headerpad_max_install_names   CMakeFiles/cmTC_3e512.dir/feature_tests.cxx.o  -o cmTC_3e512 


    Feature record: CXX_FEATURE:1cxx_aggregate_default_initializers
    Feature record: CXX_FEATURE:1cxx_alias_templates
    Feature record: CXX_FEATURE:1cxx_alignas
    Feature record: CXX_FEATURE:1cxx_alignof
    Feature record: CXX_FEATURE:1cxx_attributes
    Feature record: CXX_FEATURE:1cxx_attribute_deprecated
    Feature record: CXX_FEATURE:1cxx_auto_type
    Feature record: CXX_FEATURE:1cxx_binary_literals
    Feature record: CXX_FEATURE:1cxx_constexpr
    Feature record: CXX_FEATURE:1cxx_contextual_conversions
    Feature record: CXX_FEATURE:1cxx_decltype
    Feature record: CXX_FEATURE:1cxx_decltype_auto
    Feature record: CXX_FEATURE:1cxx_decltype_incomplete_return_types
    Feature record: CXX_FEATURE:1cxx_default_function_template_args
    Feature record: CXX_FEATURE:1cxx_defaulted_functions
    Feature record: CXX_FEATURE:1cxx_defaulted_move_initializers
    Feature record: CXX_FEATURE:1cxx_delegating_constructors
    Feature record: CXX_FEATURE:1cxx_deleted_functions
    Feature record: CXX_FEATURE:1cxx_digit_separators
    Feature record: CXX_FEATURE:1cxx_enum_forward_declarations
    Feature record: CXX_FEATURE:1cxx_explicit_conversions
    Feature record: CXX_FEATURE:1cxx_extended_friend_declarations
    Feature record: CXX_FEATURE:1cxx_extern_templates
    Feature record: CXX_FEATURE:1cxx_final
    Feature record: CXX_FEATURE:1cxx_func_identifier
    Feature record: CXX_FEATURE:1cxx_generalized_initializers
    Feature record: CXX_FEATURE:1cxx_generic_lambdas
    Feature record: CXX_FEATURE:1cxx_inheriting_constructors
    Feature record: CXX_FEATURE:1cxx_inline_namespaces
    Feature record: CXX_FEATURE:1cxx_lambdas
    Feature record: CXX_FEATURE:1cxx_lambda_init_captures
    Feature record: CXX_FEATURE:1cxx_local_type_template_args
    Feature record: CXX_FEATURE:1cxx_long_long_type
    Feature record: CXX_FEATURE:1cxx_noexcept
    Feature record: CXX_FEATURE:1cxx_nonstatic_member_init
    Feature record: CXX_FEATURE:1cxx_nullptr
    Feature record: CXX_FEATURE:1cxx_override
    Feature record: CXX_FEATURE:1cxx_range_for
    Feature record: CXX_FEATURE:1cxx_raw_string_literals
    Feature record: CXX_FEATURE:1cxx_reference_qualified_functions
    Feature record: CXX_FEATURE:1cxx_relaxed_constexpr
    Feature record: CXX_FEATURE:1cxx_return_type_deduction
    Feature record: CXX_FEATURE:1cxx_right_angle_brackets
    Feature record: CXX_FEATURE:1cxx_rvalue_references
    Feature record: CXX_FEATURE:1cxx_sizeof_member
    Feature record: CXX_FEATURE:1cxx_static_assert
    Feature record: CXX_FEATURE:1cxx_strong_enums
    Feature record: CXX_FEATURE:1cxx_template_template_parameters
    Feature record: CXX_FEATURE:1cxx_thread_local
    Feature record: CXX_FEATURE:1cxx_trailing_return_types
    Feature record: CXX_FEATURE:1cxx_unicode_literals
    Feature record: CXX_FEATURE:1cxx_uniform_initialization
    Feature record: CXX_FEATURE:1cxx_unrestricted_unions
    Feature record: CXX_FEATURE:1cxx_user_literals
    Feature record: CXX_FEATURE:1cxx_variable_templates
    Feature record: CXX_FEATURE:1cxx_variadic_macros
    Feature record: CXX_FEATURE:1cxx_variadic_templates


Detecting CXX [-std=c++14] compiler features compiled with the following output:
Change Dir: /Users/walterlau/Desktop/teste/lslnis/LSOracle/cmake-build-debug/CMakeFiles/CMakeTmp

Run Build Command:"/usr/bin/make" "cmTC_488ef/fast"
/Library/Developer/CommandLineTools/usr/bin/make -f CMakeFiles/cmTC_488ef.dir/build.make CMakeFiles/cmTC_488ef.dir/build
Building CXX object CMakeFiles/cmTC_488ef.dir/feature_tests.cxx.o
/usr/local/bin/g++-8    -std=c++14 -o CMakeFiles/cmTC_488ef.dir/feature_tests.cxx.o -c /Users/walterlau/Desktop/teste/lslnis/LSOracle/cmake-build-debug/CMakeFiles/feature_tests.cxx
Linking CXX executable cmTC_488ef
/Applications/CLion.app/Contents/bin/cmake/mac/bin/cmake -E cmake_link_script CMakeFiles/cmTC_488ef.dir/link.txt --verbose=1
/usr/local/bin/g++-8    -Wl,-search_paths_first -Wl,-headerpad_max_install_names   CMakeFiles/cmTC_488ef.dir/feature_tests.cxx.o  -o cmTC_488ef 


    Feature record: CXX_FEATURE:1cxx_aggregate_default_initializers
    Feature record: CXX_FEATURE:1cxx_alias_templates
    Feature record: CXX_FEATURE:1cxx_alignas
    Feature record: CXX_FEATURE:1cxx_alignof
    Feature record: CXX_FEATURE:1cxx_attributes
    Feature record: CXX_FEATURE:1cxx_attribute_deprecated
    Feature record: CXX_FEATURE:1cxx_auto_type
    Feature record: CXX_FEATURE:1cxx_binary_literals
    Feature record: CXX_FEATURE:1cxx_constexpr
    Feature record: CXX_FEATURE:1cxx_contextual_conversions
    Feature record: CXX_FEATURE:1cxx_decltype
    Feature record: CXX_FEATURE:1cxx_decltype_auto
    Feature record: CXX_FEATURE:1cxx_decltype_incomplete_return_types
    Feature record: CXX_FEATURE:1cxx_default_function_template_args
    Feature record: CXX_FEATURE:1cxx_defaulted_functions
    Feature record: CXX_FEATURE:1cxx_defaulted_move_initializers
    Feature record: CXX_FEATURE:1cxx_delegating_constructors
    Feature record: CXX_FEATURE:1cxx_deleted_functions
    Feature record: CXX_FEATURE:1cxx_digit_separators
    Feature record: CXX_FEATURE:1cxx_enum_forward_declarations
    Feature record: CXX_FEATURE:1cxx_explicit_conversions
    Feature record: CXX_FEATURE:1cxx_extended_friend_declarations
    Feature record: CXX_FEATURE:1cxx_extern_templates
    Feature record: CXX_FEATURE:1cxx_final
    Feature record: CXX_FEATURE:1cxx_func_identifier
    Feature record: CXX_FEATURE:1cxx_generalized_initializers
    Feature record: CXX_FEATURE:1cxx_generic_lambdas
    Feature record: CXX_FEATURE:1cxx_inheriting_constructors
    Feature record: CXX_FEATURE:1cxx_inline_namespaces
    Feature record: CXX_FEATURE:1cxx_lambdas
    Feature record: CXX_FEATURE:1cxx_lambda_init_captures
    Feature record: CXX_FEATURE:1cxx_local_type_template_args
    Feature record: CXX_FEATURE:1cxx_long_long_type
    Feature record: CXX_FEATURE:1cxx_noexcept
    Feature record: CXX_FEATURE:1cxx_nonstatic_member_init
    Feature record: CXX_FEATURE:1cxx_nullptr
    Feature record: CXX_FEATURE:1cxx_override
    Feature record: CXX_FEATURE:1cxx_range_for
    Feature record: CXX_FEATURE:1cxx_raw_string_literals
    Feature record: CXX_FEATURE:1cxx_reference_qualified_functions
    Feature record: CXX_FEATURE:1cxx_relaxed_constexpr
    Feature record: CXX_FEATURE:1cxx_return_type_deduction
    Feature record: CXX_FEATURE:1cxx_right_angle_brackets
    Feature record: CXX_FEATURE:1cxx_rvalue_references
    Feature record: CXX_FEATURE:1cxx_sizeof_member
    Feature record: CXX_FEATURE:1cxx_static_assert
    Feature record: CXX_FEATURE:1cxx_strong_enums
    Feature record: CXX_FEATURE:1cxx_template_template_parameters
    Feature record: CXX_FEATURE:1cxx_thread_local
    Feature record: CXX_FEATURE:1cxx_trailing_return_types
    Feature record: CXX_FEATURE:1cxx_unicode_literals
    Feature record: CXX_FEATURE:1cxx_uniform_initialization
    Feature record: CXX_FEATURE:1cxx_unrestricted_unions
    Feature record: CXX_FEATURE:1cxx_user_literals
    Feature record: CXX_FEATURE:1cxx_variable_templates
    Feature record: CXX_FEATURE:1cxx_variadic_macros
    Feature record: CXX_FEATURE:1cxx_variadic_templates


Detecting CXX [-std=c++11] compiler features compiled with the following output:
Change Dir: /Users/walterlau/Desktop/teste/lslnis/LSOracle/cmake-build-debug/CMakeFiles/CMakeTmp

Run Build Command:"/usr/bin/make" "cmTC_1da05/fast"
/Library/Developer/CommandLineTools/usr/bin/make -f CMakeFiles/cmTC_1da05.dir/build.make CMakeFiles/cmTC_1da05.dir/build
Building CXX object CMakeFiles/cmTC_1da05.dir/feature_tests.cxx.o
/usr/local/bin/g++-8    -std=c++11 -o CMakeFiles/cmTC_1da05.dir/feature_tests.cxx.o -c /Users/walterlau/Desktop/teste/lslnis/LSOracle/cmake-build-debug/CMakeFiles/feature_tests.cxx
Linking CXX executable cmTC_1da05
/Applications/CLion.app/Contents/bin/cmake/mac/bin/cmake -E cmake_link_script CMakeFiles/cmTC_1da05.dir/link.txt --verbose=1
/usr/local/bin/g++-8    -Wl,-search_paths_first -Wl,-headerpad_max_install_names   CMakeFiles/cmTC_1da05.dir/feature_tests.cxx.o  -o cmTC_1da05 


    Feature record: CXX_FEATURE:0cxx_aggregate_default_initializers
    Feature record: CXX_FEATURE:1cxx_alias_templates
    Feature record: CXX_FEATURE:1cxx_alignas
    Feature record: CXX_FEATURE:1cxx_alignof
    Feature record: CXX_FEATURE:1cxx_attributes
    Feature record: CXX_FEATURE:0cxx_attribute_deprecated
    Feature record: CXX_FEATURE:1cxx_auto_type
    Feature record: CXX_FEATURE:0cxx_binary_literals
    Feature record: CXX_FEATURE:1cxx_constexpr
    Feature record: CXX_FEATURE:0cxx_contextual_conversions
    Feature record: CXX_FEATURE:1cxx_decltype
    Feature record: CXX_FEATURE:0cxx_decltype_auto
    Feature record: CXX_FEATURE:1cxx_decltype_incomplete_return_types
    Feature record: CXX_FEATURE:1cxx_default_function_template_args
    Feature record: CXX_FEATURE:1cxx_defaulted_functions
    Feature record: CXX_FEATURE:1cxx_defaulted_move_initializers
    Feature record: CXX_FEATURE:1cxx_delegating_constructors
    Feature record: CXX_FEATURE:1cxx_deleted_functions
    Feature record: CXX_FEATURE:0cxx_digit_separators
    Feature record: CXX_FEATURE:1cxx_enum_forward_declarations
    Feature record: CXX_FEATURE:1cxx_explicit_conversions
    Feature record: CXX_FEATURE:1cxx_extended_friend_declarations
    Feature record: CXX_FEATURE:1cxx_extern_templates
    Feature record: CXX_FEATURE:1cxx_final
    Feature record: CXX_FEATURE:1cxx_func_identifier
    Feature record: CXX_FEATURE:1cxx_generalized_initializers
    Feature record: CXX_FEATURE:0cxx_generic_lambdas
    Feature record: CXX_FEATURE:1cxx_inheriting_constructors
    Feature record: CXX_FEATURE:1cxx_inline_namespaces
    Feature record: CXX_FEATURE:1cxx_lambdas
    Feature record: CXX_FEATURE:0cxx_lambda_init_captures
    Feature record: CXX_FEATURE:1cxx_local_type_template_args
    Feature record: CXX_FEATURE:1cxx_long_long_type
    Feature record: CXX_FEATURE:1cxx_noexcept
    Feature record: CXX_FEATURE:1cxx_nonstatic_member_init
    Feature record: CXX_FEATURE:1cxx_nullptr
    Feature record: CXX_FEATURE:1cxx_override
    Feature record: CXX_FEATURE:1cxx_range_for
    Feature record: CXX_FEATURE:1cxx_raw_string_literals
    Feature record: CXX_FEATURE:1cxx_reference_qualified_functions
    Feature record: CXX_FEATURE:0cxx_relaxed_constexpr
    Feature record: CXX_FEATURE:0cxx_return_type_deduction
    Feature record: CXX_FEATURE:1cxx_right_angle_brackets
    Feature record: CXX_FEATURE:1cxx_rvalue_references
    Feature record: CXX_FEATURE:1cxx_sizeof_member
    Feature record: CXX_FEATURE:1cxx_static_assert
    Feature record: CXX_FEATURE:1cxx_strong_enums
    Feature record: CXX_FEATURE:1cxx_template_template_parameters
    Feature record: CXX_FEATURE:1cxx_thread_local
    Feature record: CXX_FEATURE:1cxx_trailing_return_types
    Feature record: CXX_FEATURE:1cxx_unicode_literals
    Feature record: CXX_FEATURE:1cxx_uniform_initialization
    Feature record: CXX_FEATURE:1cxx_unrestricted_unions
    Feature record: CXX_FEATURE:1cxx_user_literals
    Feature record: CXX_FEATURE:0cxx_variable_templates
    Feature record: CXX_FEATURE:1cxx_variadic_macros
    Feature record: CXX_FEATURE:1cxx_variadic_templates


Detecting CXX [-std=c++98] compiler features compiled with the following output:
Change Dir: /Users/walterlau/Desktop/teste/lslnis/LSOracle/cmake-build-debug/CMakeFiles/CMakeTmp

Run Build Command:"/usr/bin/make" "cmTC_0ee90/fast"
/Library/Developer/CommandLineTools/usr/bin/make -f CMakeFiles/cmTC_0ee90.dir/build.make CMakeFiles/cmTC_0ee90.dir/build
Building CXX object CMakeFiles/cmTC_0ee90.dir/feature_tests.cxx.o
/usr/local/bin/g++-8    -std=c++98 -o CMakeFiles/cmTC_0ee90.dir/feature_tests.cxx.o -c /Users/walterlau/Desktop/teste/lslnis/LSOracle/cmake-build-debug/CMakeFiles/feature_tests.cxx
Linking CXX executable cmTC_0ee90
/Applications/CLion.app/Contents/bin/cmake/mac/bin/cmake -E cmake_link_script CMakeFiles/cmTC_0ee90.dir/link.txt --verbose=1
/usr/local/bin/g++-8    -Wl,-search_paths_first -Wl,-headerpad_max_install_names   CMakeFiles/cmTC_0ee90.dir/feature_tests.cxx.o  -o cmTC_0ee90 


    Feature record: CXX_FEATURE:0cxx_aggregate_default_initializers
    Feature record: CXX_FEATURE:0cxx_alias_templates
    Feature record: CXX_FEATURE:0cxx_alignas
    Feature record: CXX_FEATURE:0cxx_alignof
    Feature record: CXX_FEATURE:0cxx_attributes
    Feature record: CXX_FEATURE:0cxx_attribute_deprecated
    Feature record: CXX_FEATURE:0cxx_auto_type
    Feature record: CXX_FEATURE:0cxx_binary_literals
    Feature record: CXX_FEATURE:0cxx_constexpr
    Feature record: CXX_FEATURE:0cxx_contextual_conversions
    Feature record: CXX_FEATURE:0cxx_decltype
    Feature record: CXX_FEATURE:0cxx_decltype_auto
    Feature record: CXX_FEATURE:0cxx_decltype_incomplete_return_types
    Feature record: CXX_FEATURE:0cxx_default_function_template_args
    Feature record: CXX_FEATURE:0cxx_defaulted_functions
    Feature record: CXX_FEATURE:0cxx_defaulted_move_initializers
    Feature record: CXX_FEATURE:0cxx_delegating_constructors
    Feature record: CXX_FEATURE:0cxx_deleted_functions
    Feature record: CXX_FEATURE:0cxx_digit_separators
    Feature record: CXX_FEATURE:0cxx_enum_forward_declarations
    Feature record: CXX_FEATURE:0cxx_explicit_conversions
    Feature record: CXX_FEATURE:0cxx_extended_friend_declarations
    Feature record: CXX_FEATURE:0cxx_extern_templates
    Feature record: CXX_FEATURE:0cxx_final
    Feature record: CXX_FEATURE:0cxx_func_identifier
    Feature record: CXX_FEATURE:0cxx_generalized_initializers
    Feature record: CXX_FEATURE:0cxx_generic_lambdas
    Feature record: CXX_FEATURE:0cxx_inheriting_constructors
    Feature record: CXX_FEATURE:0cxx_inline_namespaces
    Feature record: CXX_FEATURE:0cxx_lambdas
    Feature record: CXX_FEATURE:0cxx_lambda_init_captures
    Feature record: CXX_FEATURE:0cxx_local_type_template_args
    Feature record: CXX_FEATURE:0cxx_long_long_type
    Feature record: CXX_FEATURE:0cxx_noexcept
    Feature record: CXX_FEATURE:0cxx_nonstatic_member_init
    Feature record: CXX_FEATURE:0cxx_nullptr
    Feature record: CXX_FEATURE:0cxx_override
    Feature record: CXX_FEATURE:0cxx_range_for
    Feature record: CXX_FEATURE:0cxx_raw_string_literals
    Feature record: CXX_FEATURE:0cxx_reference_qualified_functions
    Feature record: CXX_FEATURE:0cxx_relaxed_constexpr
    Feature record: CXX_FEATURE:0cxx_return_type_deduction
    Feature record: CXX_FEATURE:0cxx_right_angle_brackets
    Feature record: CXX_FEATURE:0cxx_rvalue_references
    Feature record: CXX_FEATURE:0cxx_sizeof_member
    Feature record: CXX_FEATURE:0cxx_static_assert
    Feature record: CXX_FEATURE:0cxx_strong_enums
    Feature record: CXX_FEATURE:1cxx_template_template_parameters
    Feature record: CXX_FEATURE:0cxx_thread_local
    Feature record: CXX_FEATURE:0cxx_trailing_return_types
    Feature record: CXX_FEATURE:0cxx_unicode_literals
    Feature record: CXX_FEATURE:0cxx_uniform_initialization
    Feature record: CXX_FEATURE:0cxx_unrestricted_unions
    Feature record: CXX_FEATURE:0cxx_user_literals
    Feature record: CXX_FEATURE:0cxx_variable_templates
    Feature record: CXX_FEATURE:0cxx_variadic_macros
    Feature record: CXX_FEATURE:0cxx_variadic_templates
Compiling the C compiler identification source file "CMakeCCompilerId.c" succeeded.
Compiler: /usr/local/bin/gcc-8 
Build flags: 
Id flags:  

The output was:
0


Compilation of the C compiler identification source "CMakeCCompilerId.c" produced "a.out"

The C compiler identification is GNU, found in "/Users/walterlau/Desktop/teste/lslnis/LSOracle/cmake-build-debug/CMakeFiles/3.12.0/CompilerIdC/a.out"

Determining if the C compiler works passed with the following output:
Change Dir: /Users/walterlau/Desktop/teste/lslnis/LSOracle/cmake-build-debug/CMakeFiles/CMakeTmp

Run Build Command:"/usr/bin/make" "cmTC_9ba91/fast"
/Library/Developer/CommandLineTools/usr/bin/make -f CMakeFiles/cmTC_9ba91.dir/build.make CMakeFiles/cmTC_9ba91.dir/build
Building C object CMakeFiles/cmTC_9ba91.dir/testCCompiler.c.o
/usr/local/bin/gcc-8    -o CMakeFiles/cmTC_9ba91.dir/testCCompiler.c.o   -c /Users/walterlau/Desktop/teste/lslnis/LSOracle/cmake-build-debug/CMakeFiles/CMakeTmp/testCCompiler.c
Linking C executable cmTC_9ba91
/Applications/CLion.app/Contents/bin/cmake/mac/bin/cmake -E cmake_link_script CMakeFiles/cmTC_9ba91.dir/link.txt --verbose=1
/usr/local/bin/gcc-8   -Wl,-search_paths_first -Wl,-headerpad_max_install_names   CMakeFiles/cmTC_9ba91.dir/testCCompiler.c.o  -o cmTC_9ba91 


Detecting C compiler ABI info compiled with the following output:
Change Dir: /Users/walterlau/Desktop/teste/lslnis/LSOracle/cmake-build-debug/CMakeFiles/CMakeTmp

Run Build Command:"/usr/bin/make" "cmTC_c5456/fast"
/Library/Developer/CommandLineTools/usr/bin/make -f CMakeFiles/cmTC_c5456.dir/build.make CMakeFiles/cmTC_c5456.dir/build
Building C object CMakeFiles/cmTC_c5456.dir/CMakeCCompilerABI.c.o
/usr/local/bin/gcc-8    -o CMakeFiles/cmTC_c5456.dir/CMakeCCompilerABI.c.o   -c /Applications/CLion.app/Contents/bin/cmake/mac/share/cmake-3.12/Modules/CMakeCCompilerABI.c
Linking C executable cmTC_c5456
/Applications/CLion.app/Contents/bin/cmake/mac/bin/cmake -E cmake_link_script CMakeFiles/cmTC_c5456.dir/link.txt --verbose=1
/usr/local/bin/gcc-8   -Wl,-search_paths_first -Wl,-headerpad_max_install_names  -v -Wl,-v CMakeFiles/cmTC_c5456.dir/CMakeCCompilerABI.c.o  -o cmTC_c5456 
Using built-in specs.
COLLECT_GCC=/usr/local/bin/gcc-8
COLLECT_LTO_WRAPPER=/usr/local/Cellar/gcc/8.2.0/libexec/gcc/x86_64-apple-darwin17.7.0/8.2.0/lto-wrapper
Target: x86_64-apple-darwin17.7.0
Configured with: ../configure --build=x86_64-apple-darwin17.7.0 --prefix=/usr/local/Cellar/gcc/8.2.0 --libdir=/usr/local/Cellar/gcc/8.2.0/lib/gcc/8 --enable-languages=c,c++,objc,obj-c++,fortran --program-suffix=-8 --with-gmp=/usr/local/opt/gmp --with-mpfr=/usr/local/opt/mpfr --with-mpc=/usr/local/opt/libmpc --with-isl=/usr/local/opt/isl --with-system-zlib --enable-checking=release --with-pkgversion='Homebrew GCC 8.2.0' --with-bugurl=https://github.com/Homebrew/homebrew-core/issues --disable-nls
Thread model: posix
gcc version 8.2.0 (Homebrew GCC 8.2.0) 
COMPILER_PATH=/usr/local/Cellar/gcc/8.2.0/libexec/gcc/x86_64-apple-darwin17.7.0/8.2.0/:/usr/local/Cellar/gcc/8.2.0/libexec/gcc/x86_64-apple-darwin17.7.0/8.2.0/:/usr/local/Cellar/gcc/8.2.0/libexec/gcc/x86_64-apple-darwin17.7.0/:/usr/local/Cellar/gcc/8.2.0/lib/gcc/8/gcc/x86_64-apple-darwin17.7.0/8.2.0/:/usr/local/Cellar/gcc/8.2.0/lib/gcc/8/gcc/x86_64-apple-darwin17.7.0/
LIBRARY_PATH=/usr/local/Cellar/gcc/8.2.0/lib/gcc/8/gcc/x86_64-apple-darwin17.7.0/8.2.0/:/usr/local/Cellar/gcc/8.2.0/lib/gcc/8/gcc/x86_64-apple-darwin17.7.0/8.2.0/../../../
COLLECT_GCC_OPTIONS='-v' '-o' 'cmTC_c5456' '-mmacosx-version-min=10.14.0' '-asm_macosx_version_min=10.14' '-mtune=core2'
 /usr/local/Cellar/gcc/8.2.0/libexec/gcc/x86_64-apple-darwin17.7.0/8.2.0/collect2 -dynamic -arch x86_64 -macosx_version_min 10.14.0 -weak_reference_mismatches non-weak -o cmTC_c5456 -L/usr/local/Cellar/gcc/8.2.0/lib/gcc/8/gcc/x86_64-apple-darwin17.7.0/8.2.0 -L/usr/local/Cellar/gcc/8.2.0/lib/gcc/8/gcc/x86_64-apple-darwin17.7.0/8.2.0/../../.. -search_paths_first -headerpad_max_install_names -v CMakeFiles/cmTC_c5456.dir/CMakeCCompilerABI.c.o -no_compact_unwind -lSystem -lgcc_ext.10.5 -lgcc -lSystem -v
collect2 version 8.2.0
/usr/bin/ld -dynamic -arch x86_64 -macosx_version_min 10.14.0 -weak_reference_mismatches non-weak -o cmTC_c5456 -L/usr/local/Cellar/gcc/8.2.0/lib/gcc/8/gcc/x86_64-apple-darwin17.7.0/8.2.0 -L/usr/local/Cellar/gcc/8.2.0/lib/gcc/8/gcc/x86_64-apple-darwin17.7.0/8.2.0/../../.. -search_paths_first -headerpad_max_install_names -v CMakeFiles/cmTC_c5456.dir/CMakeCCompilerABI.c.o -no_compact_unwind -lSystem -lgcc_ext.10.5 -lgcc -lSystem -v
@(#)PROGRAM:ld  PROJECT:ld64-409.12
BUILD 17:47:51 Sep 25 2018
configured to support archs: armv6 armv7 armv7s arm64 i386 x86_64 x86_64h armv6m armv7k armv7m armv7em
@(#)PROGRAM:ld  PROJECT:ld64-409.12
BUILD 17:47:51 Sep 25 2018
configured to support archs: armv6 armv7 armv7s arm64 i386 x86_64 x86_64h armv6m armv7k armv7m armv7em
Library search paths:
	/usr/local/Cellar/gcc/8.2.0/lib/gcc/8/gcc/x86_64-apple-darwin17.7.0/8.2.0
	/usr/local/Cellar/gcc/8.2.0/lib/gcc/8
	/usr/lib
	/usr/local/lib
Framework search paths:
	/Library/Frameworks/
	/System/Library/Frameworks/
 /usr/bin/nm -n CMakeFiles/cmTC_c5456.dir/CMakeCCompilerABI.c.o


Parsed C implicit link information from above output:
  link line regex: [^( *|.*[/\])(ld|CMAKE_LINK_STARTFILE-NOTFOUND|([^/\]+-)?ld|collect2)[^/\]*( |$)]
  ignore line: [Change Dir: /Users/walterlau/Desktop/teste/lslnis/LSOracle/cmake-build-debug/CMakeFiles/CMakeTmp]
  ignore line: []
  ignore line: [Run Build Command:"/usr/bin/make" "cmTC_c5456/fast"]
  ignore line: [/Library/Developer/CommandLineTools/usr/bin/make -f CMakeFiles/cmTC_c5456.dir/build.make CMakeFiles/cmTC_c5456.dir/build]
  ignore line: [Building C object CMakeFiles/cmTC_c5456.dir/CMakeCCompilerABI.c.o]
  ignore line: [/usr/local/bin/gcc-8    -o CMakeFiles/cmTC_c5456.dir/CMakeCCompilerABI.c.o   -c /Applications/CLion.app/Contents/bin/cmake/mac/share/cmake-3.12/Modules/CMakeCCompilerABI.c]
  ignore line: [Linking C executable cmTC_c5456]
  ignore line: [/Applications/CLion.app/Contents/bin/cmake/mac/bin/cmake -E cmake_link_script CMakeFiles/cmTC_c5456.dir/link.txt --verbose=1]
  ignore line: [/usr/local/bin/gcc-8   -Wl,-search_paths_first -Wl,-headerpad_max_install_names  -v -Wl,-v CMakeFiles/cmTC_c5456.dir/CMakeCCompilerABI.c.o  -o cmTC_c5456 ]
  ignore line: [Using built-in specs.]
  ignore line: [COLLECT_GCC=/usr/local/bin/gcc-8]
  ignore line: [COLLECT_LTO_WRAPPER=/usr/local/Cellar/gcc/8.2.0/libexec/gcc/x86_64-apple-darwin17.7.0/8.2.0/lto-wrapper]
  ignore line: [Target: x86_64-apple-darwin17.7.0]
  ignore line: [Configured with: ../configure --build=x86_64-apple-darwin17.7.0 --prefix=/usr/local/Cellar/gcc/8.2.0 --libdir=/usr/local/Cellar/gcc/8.2.0/lib/gcc/8 --enable-languages=c,c++,objc,obj-c++,fortran --program-suffix=-8 --with-gmp=/usr/local/opt/gmp --with-mpfr=/usr/local/opt/mpfr --with-mpc=/usr/local/opt/libmpc --with-isl=/usr/local/opt/isl --with-system-zlib --enable-checking=release --with-pkgversion='Homebrew GCC 8.2.0' --with-bugurl=https://github.com/Homebrew/homebrew-core/issues --disable-nls]
  ignore line: [Thread model: posix]
  ignore line: [gcc version 8.2.0 (Homebrew GCC 8.2.0) ]
  ignore line: [COMPILER_PATH=/usr/local/Cellar/gcc/8.2.0/libexec/gcc/x86_64-apple-darwin17.7.0/8.2.0/:/usr/local/Cellar/gcc/8.2.0/libexec/gcc/x86_64-apple-darwin17.7.0/8.2.0/:/usr/local/Cellar/gcc/8.2.0/libexec/gcc/x86_64-apple-darwin17.7.0/:/usr/local/Cellar/gcc/8.2.0/lib/gcc/8/gcc/x86_64-apple-darwin17.7.0/8.2.0/:/usr/local/Cellar/gcc/8.2.0/lib/gcc/8/gcc/x86_64-apple-darwin17.7.0/]
  ignore line: [LIBRARY_PATH=/usr/local/Cellar/gcc/8.2.0/lib/gcc/8/gcc/x86_64-apple-darwin17.7.0/8.2.0/:/usr/local/Cellar/gcc/8.2.0/lib/gcc/8/gcc/x86_64-apple-darwin17.7.0/8.2.0/../../../]
  ignore line: [COLLECT_GCC_OPTIONS='-v' '-o' 'cmTC_c5456' '-mmacosx-version-min=10.14.0' '-asm_macosx_version_min=10.14' '-mtune=core2']
  link line: [ /usr/local/Cellar/gcc/8.2.0/libexec/gcc/x86_64-apple-darwin17.7.0/8.2.0/collect2 -dynamic -arch x86_64 -macosx_version_min 10.14.0 -weak_reference_mismatches non-weak -o cmTC_c5456 -L/usr/local/Cellar/gcc/8.2.0/lib/gcc/8/gcc/x86_64-apple-darwin17.7.0/8.2.0 -L/usr/local/Cellar/gcc/8.2.0/lib/gcc/8/gcc/x86_64-apple-darwin17.7.0/8.2.0/../../.. -search_paths_first -headerpad_max_install_names -v CMakeFiles/cmTC_c5456.dir/CMakeCCompilerABI.c.o -no_compact_unwind -lSystem -lgcc_ext.10.5 -lgcc -lSystem -v]
    arg [/usr/local/Cellar/gcc/8.2.0/libexec/gcc/x86_64-apple-darwin17.7.0/8.2.0/collect2] ==> ignore
    arg [-dynamic] ==> ignore
    arg [-arch] ==> ignore
    arg [x86_64] ==> ignore
    arg [-macosx_version_min] ==> ignore
    arg [10.14.0] ==> ignore
    arg [-weak_reference_mismatches] ==> ignore
    arg [non-weak] ==> ignore
    arg [-o] ==> ignore
    arg [cmTC_c5456] ==> ignore
    arg [-L/usr/local/Cellar/gcc/8.2.0/lib/gcc/8/gcc/x86_64-apple-darwin17.7.0/8.2.0] ==> dir [/usr/local/Cellar/gcc/8.2.0/lib/gcc/8/gcc/x86_64-apple-darwin17.7.0/8.2.0]
    arg [-L/usr/local/Cellar/gcc/8.2.0/lib/gcc/8/gcc/x86_64-apple-darwin17.7.0/8.2.0/../../..] ==> dir [/usr/local/Cellar/gcc/8.2.0/lib/gcc/8/gcc/x86_64-apple-darwin17.7.0/8.2.0/../../..]
    arg [-search_paths_first] ==> ignore
    arg [-headerpad_max_install_names] ==> ignore
    arg [-v] ==> ignore
    arg [CMakeFiles/cmTC_c5456.dir/CMakeCCompilerABI.c.o] ==> ignore
    arg [-no_compact_unwind] ==> ignore
    arg [-lSystem] ==> lib [System]
    arg [-lgcc_ext.10.5] ==> lib [gcc_ext.10.5]
    arg [-lgcc] ==> lib [gcc]
    arg [-lSystem] ==> lib [System]
    arg [-v] ==> ignore
  Library search paths: [;/usr/local/Cellar/gcc/8.2.0/lib/gcc/8/gcc/x86_64-apple-darwin17.7.0/8.2.0;/usr/local/Cellar/gcc/8.2.0/lib/gcc/8;/usr/lib;/usr/local/lib]
  Framework search paths: [;/Library/Frameworks/;/System/Library/Frameworks/]
  remove lib [System]
  remove lib [System]
  collapse library dir [/usr/local/Cellar/gcc/8.2.0/lib/gcc/8/gcc/x86_64-apple-darwin17.7.0/8.2.0] ==> [/usr/local/Cellar/gcc/8.2.0/lib/gcc/8/gcc/x86_64-apple-darwin17.7.0/8.2.0]
  collapse library dir [/usr/local/Cellar/gcc/8.2.0/lib/gcc/8/gcc/x86_64-apple-darwin17.7.0/8.2.0/../../..] ==> [/usr/local/Cellar/gcc/8.2.0/lib/gcc/8]
  collapse library dir [/usr/local/Cellar/gcc/8.2.0/lib/gcc/8/gcc/x86_64-apple-darwin17.7.0/8.2.0] ==> [/usr/local/Cellar/gcc/8.2.0/lib/gcc/8/gcc/x86_64-apple-darwin17.7.0/8.2.0]
  collapse library dir [/usr/local/Cellar/gcc/8.2.0/lib/gcc/8] ==> [/usr/local/Cellar/gcc/8.2.0/lib/gcc/8]
  collapse library dir [/usr/lib] ==> [/usr/lib]
  collapse library dir [/usr/local/lib] ==> [/usr/local/lib]
  collapse framework dir [/Library/Frameworks/] ==> [/Library/Frameworks]
  collapse framework dir [/System/Library/Frameworks/] ==> [/System/Library/Frameworks]
  implicit libs: [gcc_ext.10.5;gcc]
  implicit dirs: [/usr/local/Cellar/gcc/8.2.0/lib/gcc/8/gcc/x86_64-apple-darwin17.7.0/8.2.0;/usr/local/Cellar/gcc/8.2.0/lib/gcc/8;/usr/lib;/usr/local/lib]
  implicit fwks: [/Library/Frameworks;/System/Library/Frameworks]




Detecting C [-std=c11] compiler features compiled with the following output:
Change Dir: /Users/walterlau/Desktop/teste/lslnis/LSOracle/cmake-build-debug/CMakeFiles/CMakeTmp

Run Build Command:"/usr/bin/make" "cmTC_2f00c/fast"
/Library/Developer/CommandLineTools/usr/bin/make -f CMakeFiles/cmTC_2f00c.dir/build.make CMakeFiles/cmTC_2f00c.dir/build
Building C object CMakeFiles/cmTC_2f00c.dir/feature_tests.c.o
/usr/local/bin/gcc-8   -std=c11 -o CMakeFiles/cmTC_2f00c.dir/feature_tests.c.o   -c /Users/walterlau/Desktop/teste/lslnis/LSOracle/cmake-build-debug/CMakeFiles/feature_tests.c
Linking C executable cmTC_2f00c
/Applications/CLion.app/Contents/bin/cmake/mac/bin/cmake -E cmake_link_script CMakeFiles/cmTC_2f00c.dir/link.txt --verbose=1
/usr/local/bin/gcc-8   -Wl,-search_paths_first -Wl,-headerpad_max_install_names   CMakeFiles/cmTC_2f00c.dir/feature_tests.c.o  -o cmTC_2f00c 


    Feature record: C_FEATURE:1c_function_prototypes
    Feature record: C_FEATURE:1c_restrict
    Feature record: C_FEATURE:1c_static_assert
    Feature record: C_FEATURE:1c_variadic_macros


Detecting C [-std=c99] compiler features compiled with the following output:
Change Dir: /Users/walterlau/Desktop/teste/lslnis/LSOracle/cmake-build-debug/CMakeFiles/CMakeTmp

Run Build Command:"/usr/bin/make" "cmTC_96bf4/fast"
/Library/Developer/CommandLineTools/usr/bin/make -f CMakeFiles/cmTC_96bf4.dir/build.make CMakeFiles/cmTC_96bf4.dir/build
Building C object CMakeFiles/cmTC_96bf4.dir/feature_tests.c.o
/usr/local/bin/gcc-8   -std=c99 -o CMakeFiles/cmTC_96bf4.dir/feature_tests.c.o   -c /Users/walterlau/Desktop/teste/lslnis/LSOracle/cmake-build-debug/CMakeFiles/feature_tests.c
Linking C executable cmTC_96bf4
/Applications/CLion.app/Contents/bin/cmake/mac/bin/cmake -E cmake_link_script CMakeFiles/cmTC_96bf4.dir/link.txt --verbose=1
/usr/local/bin/gcc-8   -Wl,-search_paths_first -Wl,-headerpad_max_install_names   CMakeFiles/cmTC_96bf4.dir/feature_tests.c.o  -o cmTC_96bf4 


    Feature record: C_FEATURE:1c_function_prototypes
    Feature record: C_FEATURE:1c_restrict
    Feature record: C_FEATURE:0c_static_assert
    Feature record: C_FEATURE:1c_variadic_macros


Detecting C [-std=c90] compiler features compiled with the following output:
Change Dir: /Users/walterlau/Desktop/teste/lslnis/LSOracle/cmake-build-debug/CMakeFiles/CMakeTmp

Run Build Command:"/usr/bin/make" "cmTC_b844f/fast"
/Library/Developer/CommandLineTools/usr/bin/make -f CMakeFiles/cmTC_b844f.dir/build.make CMakeFiles/cmTC_b844f.dir/build
Building C object CMakeFiles/cmTC_b844f.dir/feature_tests.c.o
/usr/local/bin/gcc-8   -std=c90 -o CMakeFiles/cmTC_b844f.dir/feature_tests.c.o   -c /Users/walterlau/Desktop/teste/lslnis/LSOracle/cmake-build-debug/CMakeFiles/feature_tests.c
Linking C executable cmTC_b844f
/Applications/CLion.app/Contents/bin/cmake/mac/bin/cmake -E cmake_link_script CMakeFiles/cmTC_b844f.dir/link.txt --verbose=1
/usr/local/bin/gcc-8   -Wl,-search_paths_first -Wl,-headerpad_max_install_names   CMakeFiles/cmTC_b844f.dir/feature_tests.c.o  -o cmTC_b844f 


    Feature record: C_FEATURE:1c_function_prototypes
    Feature record: C_FEATURE:0c_restrict
    Feature record: C_FEATURE:0c_static_assert
    Feature record: C_FEATURE:0c_variadic_macros
Performing C SOURCE FILE Test C_COMPILER_SUPPORTS__-Wall succeeded with the following output:
Change Dir: /Users/walterlau/Desktop/teste/lslnis/LSOracle/cmake-build-debug/CMakeFiles/CMakeTmp

Run Build Command:"/usr/bin/make" "cmTC_c51ce/fast"
/Library/Developer/CommandLineTools/usr/bin/make -f CMakeFiles/cmTC_c51ce.dir/build.make CMakeFiles/cmTC_c51ce.dir/build
Building C object CMakeFiles/cmTC_c51ce.dir/src.c.o
/usr/local/bin/gcc-8   -DC_COMPILER_SUPPORTS__-Wall   -Wall -o CMakeFiles/cmTC_c51ce.dir/src.c.o   -c /Users/walterlau/Desktop/teste/lslnis/LSOracle/cmake-build-debug/CMakeFiles/CMakeTmp/src.c
<command-line>: warning: ISO C99 requires whitespace after the macro name
Linking C executable cmTC_c51ce
/Applications/CLion.app/Contents/bin/cmake/mac/bin/cmake -E cmake_link_script CMakeFiles/cmTC_c51ce.dir/link.txt --verbose=1
/usr/local/bin/gcc-8  -DC_COMPILER_SUPPORTS__-Wall -Wl,-search_paths_first -Wl,-headerpad_max_install_names   CMakeFiles/cmTC_c51ce.dir/src.c.o  -o cmTC_c51ce 

Source file was:
int main(void) { return 0; }
Performing C++ SOURCE FILE Test CXX_COMPILER_SUPPORTS__-Wall succeeded with the following output:
Change Dir: /Users/walterlau/Desktop/teste/lslnis/LSOracle/cmake-build-debug/CMakeFiles/CMakeTmp

Run Build Command:"/usr/bin/make" "cmTC_4e9cd/fast"
/Library/Developer/CommandLineTools/usr/bin/make -f CMakeFiles/cmTC_4e9cd.dir/build.make CMakeFiles/cmTC_4e9cd.dir/build
Building CXX object CMakeFiles/cmTC_4e9cd.dir/src.cxx.o
/usr/local/bin/g++-8    -DCXX_COMPILER_SUPPORTS__-Wall   -Wall -std=gnu++17 -o CMakeFiles/cmTC_4e9cd.dir/src.cxx.o -c /Users/walterlau/Desktop/teste/lslnis/LSOracle/cmake-build-debug/CMakeFiles/CMakeTmp/src.cxx
<command-line>: warning: ISO C++11 requires whitespace after the macro name
Linking CXX executable cmTC_4e9cd
/Applications/CLion.app/Contents/bin/cmake/mac/bin/cmake -E cmake_link_script CMakeFiles/cmTC_4e9cd.dir/link.txt --verbose=1
/usr/local/bin/g++-8   -DCXX_COMPILER_SUPPORTS__-Wall -Wl,-search_paths_first -Wl,-headerpad_max_install_names   CMakeFiles/cmTC_4e9cd.dir/src.cxx.o  -o cmTC_4e9cd 

Source file was:
int main() { return 0; }
Performing C SOURCE FILE Test C_COMPILER_SUPPORTS__-Wno-unused-function succeeded with the following output:
Change Dir: /Users/walterlau/Desktop/teste/lslnis/LSOracle/cmake-build-debug/CMakeFiles/CMakeTmp

Run Build Command:"/usr/bin/make" "cmTC_8cd71/fast"
/Library/Developer/CommandLineTools/usr/bin/make -f CMakeFiles/cmTC_8cd71.dir/build.make CMakeFiles/cmTC_8cd71.dir/build
Building C object CMakeFiles/cmTC_8cd71.dir/src.c.o
/usr/local/bin/gcc-8   -DC_COMPILER_SUPPORTS__-Wno-unused-function   -Wno-unused-function -o CMakeFiles/cmTC_8cd71.dir/src.c.o   -c /Users/walterlau/Desktop/teste/lslnis/LSOracle/cmake-build-debug/CMakeFiles/CMakeTmp/src.c
<command-line>: warning: ISO C99 requires whitespace after the macro name
Linking C executable cmTC_8cd71
/Applications/CLion.app/Contents/bin/cmake/mac/bin/cmake -E cmake_link_script CMakeFiles/cmTC_8cd71.dir/link.txt --verbose=1
/usr/local/bin/gcc-8  -DC_COMPILER_SUPPORTS__-Wno-unused-function -Wl,-search_paths_first -Wl,-headerpad_max_install_names   CMakeFiles/cmTC_8cd71.dir/src.c.o  -o cmTC_8cd71 

Source file was:
int main(void) { return 0; }
Performing C++ SOURCE FILE Test CXX_COMPILER_SUPPORTS__-Wno-unused-function succeeded with the following output:
Change Dir: /Users/walterlau/Desktop/teste/lslnis/LSOracle/cmake-build-debug/CMakeFiles/CMakeTmp

Run Build Command:"/usr/bin/make" "cmTC_0fe0f/fast"
/Library/Developer/CommandLineTools/usr/bin/make -f CMakeFiles/cmTC_0fe0f.dir/build.make CMakeFiles/cmTC_0fe0f.dir/build
Building CXX object CMakeFiles/cmTC_0fe0f.dir/src.cxx.o
/usr/local/bin/g++-8    -DCXX_COMPILER_SUPPORTS__-Wno-unused-function   -Wno-unused-function -std=gnu++17 -o CMakeFiles/cmTC_0fe0f.dir/src.cxx.o -c /Users/walterlau/Desktop/teste/lslnis/LSOracle/cmake-build-debug/CMakeFiles/CMakeTmp/src.cxx
<command-line>: warning: ISO C++11 requires whitespace after the macro name
Linking CXX executable cmTC_0fe0f
/Applications/CLion.app/Contents/bin/cmake/mac/bin/cmake -E cmake_link_script CMakeFiles/cmTC_0fe0f.dir/link.txt --verbose=1
/usr/local/bin/g++-8   -DCXX_COMPILER_SUPPORTS__-Wno-unused-function -Wl,-search_paths_first -Wl,-headerpad_max_install_names   CMakeFiles/cmTC_0fe0f.dir/src.cxx.o  -o cmTC_0fe0f 

Source file was:
int main() { return 0; }
Performing C SOURCE FILE Test C_COMPILER_SUPPORTS__-Wno-write-strings succeeded with the following output:
Change Dir: /Users/walterlau/Desktop/teste/lslnis/LSOracle/cmake-build-debug/CMakeFiles/CMakeTmp

Run Build Command:"/usr/bin/make" "cmTC_77043/fast"
/Library/Developer/CommandLineTools/usr/bin/make -f CMakeFiles/cmTC_77043.dir/build.make CMakeFiles/cmTC_77043.dir/build
Building C object CMakeFiles/cmTC_77043.dir/src.c.o
/usr/local/bin/gcc-8   -DC_COMPILER_SUPPORTS__-Wno-write-strings   -Wno-write-strings -o CMakeFiles/cmTC_77043.dir/src.c.o   -c /Users/walterlau/Desktop/teste/lslnis/LSOracle/cmake-build-debug/CMakeFiles/CMakeTmp/src.c
<command-line>: warning: ISO C99 requires whitespace after the macro name
Linking C executable cmTC_77043
/Applications/CLion.app/Contents/bin/cmake/mac/bin/cmake -E cmake_link_script CMakeFiles/cmTC_77043.dir/link.txt --verbose=1
/usr/local/bin/gcc-8  -DC_COMPILER_SUPPORTS__-Wno-write-strings -Wl,-search_paths_first -Wl,-headerpad_max_install_names   CMakeFiles/cmTC_77043.dir/src.c.o  -o cmTC_77043 

Source file was:
int main(void) { return 0; }
Performing C++ SOURCE FILE Test CXX_COMPILER_SUPPORTS__-Wno-write-strings succeeded with the following output:
Change Dir: /Users/walterlau/Desktop/teste/lslnis/LSOracle/cmake-build-debug/CMakeFiles/CMakeTmp

Run Build Command:"/usr/bin/make" "cmTC_83bf1/fast"
/Library/Developer/CommandLineTools/usr/bin/make -f CMakeFiles/cmTC_83bf1.dir/build.make CMakeFiles/cmTC_83bf1.dir/build
Building CXX object CMakeFiles/cmTC_83bf1.dir/src.cxx.o
/usr/local/bin/g++-8    -DCXX_COMPILER_SUPPORTS__-Wno-write-strings   -Wno-write-strings -std=gnu++17 -o CMakeFiles/cmTC_83bf1.dir/src.cxx.o -c /Users/walterlau/Desktop/teste/lslnis/LSOracle/cmake-build-debug/CMakeFiles/CMakeTmp/src.cxx
<command-line>: warning: ISO C++11 requires whitespace after the macro name
Linking CXX executable cmTC_83bf1
/Applications/CLion.app/Contents/bin/cmake/mac/bin/cmake -E cmake_link_script CMakeFiles/cmTC_83bf1.dir/link.txt --verbose=1
/usr/local/bin/g++-8   -DCXX_COMPILER_SUPPORTS__-Wno-write-strings -Wl,-search_paths_first -Wl,-headerpad_max_install_names   CMakeFiles/cmTC_83bf1.dir/src.cxx.o  -o cmTC_83bf1 

Source file was:
int main() { return 0; }
Performing C SOURCE FILE Test C_COMPILER_SUPPORTS__-Wno-sign-compare succeeded with the following output:
Change Dir: /Users/walterlau/Desktop/teste/lslnis/LSOracle/cmake-build-debug/CMakeFiles/CMakeTmp

Run Build Command:"/usr/bin/make" "cmTC_ee2e5/fast"
/Library/Developer/CommandLineTools/usr/bin/make -f CMakeFiles/cmTC_ee2e5.dir/build.make CMakeFiles/cmTC_ee2e5.dir/build
Building C object CMakeFiles/cmTC_ee2e5.dir/src.c.o
/usr/local/bin/gcc-8   -DC_COMPILER_SUPPORTS__-Wno-sign-compare   -Wno-sign-compare -o CMakeFiles/cmTC_ee2e5.dir/src.c.o   -c /Users/walterlau/Desktop/teste/lslnis/LSOracle/cmake-build-debug/CMakeFiles/CMakeTmp/src.c
<command-line>: warning: ISO C99 requires whitespace after the macro name
Linking C executable cmTC_ee2e5
/Applications/CLion.app/Contents/bin/cmake/mac/bin/cmake -E cmake_link_script CMakeFiles/cmTC_ee2e5.dir/link.txt --verbose=1
/usr/local/bin/gcc-8  -DC_COMPILER_SUPPORTS__-Wno-sign-compare -Wl,-search_paths_first -Wl,-headerpad_max_install_names   CMakeFiles/cmTC_ee2e5.dir/src.c.o  -o cmTC_ee2e5 

Source file was:
int main(void) { return 0; }
Performing C++ SOURCE FILE Test CXX_COMPILER_SUPPORTS__-Wno-sign-compare succeeded with the following output:
Change Dir: /Users/walterlau/Desktop/teste/lslnis/LSOracle/cmake-build-debug/CMakeFiles/CMakeTmp

Run Build Command:"/usr/bin/make" "cmTC_aebf4/fast"
/Library/Developer/CommandLineTools/usr/bin/make -f CMakeFiles/cmTC_aebf4.dir/build.make CMakeFiles/cmTC_aebf4.dir/build
Building CXX object CMakeFiles/cmTC_aebf4.dir/src.cxx.o
/usr/local/bin/g++-8    -DCXX_COMPILER_SUPPORTS__-Wno-sign-compare   -Wno-sign-compare -std=gnu++17 -o CMakeFiles/cmTC_aebf4.dir/src.cxx.o -c /Users/walterlau/Desktop/teste/lslnis/LSOracle/cmake-build-debug/CMakeFiles/CMakeTmp/src.cxx
<command-line>: warning: ISO C++11 requires whitespace after the macro name
Linking CXX executable cmTC_aebf4
/Applications/CLion.app/Contents/bin/cmake/mac/bin/cmake -E cmake_link_script CMakeFiles/cmTC_aebf4.dir/link.txt --verbose=1
/usr/local/bin/g++-8   -DCXX_COMPILER_SUPPORTS__-Wno-sign-compare -Wl,-search_paths_first -Wl,-headerpad_max_install_names   CMakeFiles/cmTC_aebf4.dir/src.cxx.o  -o cmTC_aebf4 

Source file was:
int main() { return 0; }
Performing C++ SOURCE FILE Test CXX_COMPILER_SUPPORTS__-fpermissive succeeded with the following output:
Change Dir: /Users/walterlau/Desktop/teste/lslnis/LSOracle/cmake-build-debug/CMakeFiles/CMakeTmp

Run Build Command:"/usr/bin/make" "cmTC_4dd7e/fast"
/Library/Developer/CommandLineTools/usr/bin/make -f CMakeFiles/cmTC_4dd7e.dir/build.make CMakeFiles/cmTC_4dd7e.dir/build
Building CXX object CMakeFiles/cmTC_4dd7e.dir/src.cxx.o
/usr/local/bin/g++-8    -DCXX_COMPILER_SUPPORTS__-fpermissive   -fpermissive -std=gnu++17 -o CMakeFiles/cmTC_4dd7e.dir/src.cxx.o -c /Users/walterlau/Desktop/teste/lslnis/LSOracle/cmake-build-debug/CMakeFiles/CMakeTmp/src.cxx
<command-line>: warning: ISO C++11 requires whitespace after the macro name
Linking CXX executable cmTC_4dd7e
/Applications/CLion.app/Contents/bin/cmake/mac/bin/cmake -E cmake_link_script CMakeFiles/cmTC_4dd7e.dir/link.txt --verbose=1
/usr/local/bin/g++-8   -DCXX_COMPILER_SUPPORTS__-fpermissive -Wl,-search_paths_first -Wl,-headerpad_max_install_names   CMakeFiles/cmTC_4dd7e.dir/src.cxx.o  -o cmTC_4dd7e 

Source file was:
int main() { return 0; }
Performing C SOURCE FILE Test C_COMPILER_SUPPORTS__-w succeeded with the following output:
Change Dir: /Users/walterlau/Desktop/teste/lslnis/LSOracle/cmake-build-debug/CMakeFiles/CMakeTmp

Run Build Command:"/usr/bin/make" "cmTC_2dbc1/fast"
/Library/Developer/CommandLineTools/usr/bin/make -f CMakeFiles/cmTC_2dbc1.dir/build.make CMakeFiles/cmTC_2dbc1.dir/build
Building C object CMakeFiles/cmTC_2dbc1.dir/src.c.o
/usr/local/bin/gcc-8   -DC_COMPILER_SUPPORTS__-w   -w -o CMakeFiles/cmTC_2dbc1.dir/src.c.o   -c /Users/walterlau/Desktop/teste/lslnis/LSOracle/cmake-build-debug/CMakeFiles/CMakeTmp/src.c
Linking C executable cmTC_2dbc1
/Applications/CLion.app/Contents/bin/cmake/mac/bin/cmake -E cmake_link_script CMakeFiles/cmTC_2dbc1.dir/link.txt --verbose=1
/usr/local/bin/gcc-8  -DC_COMPILER_SUPPORTS__-w -Wl,-search_paths_first -Wl,-headerpad_max_install_names   CMakeFiles/cmTC_2dbc1.dir/src.c.o  -o cmTC_2dbc1 

Source file was:
int main(void) { return 0; }
Performing C++ SOURCE FILE Test CXX_COMPILER_SUPPORTS__-w succeeded with the following output:
Change Dir: /Users/walterlau/Desktop/teste/lslnis/LSOracle/cmake-build-debug/CMakeFiles/CMakeTmp

Run Build Command:"/usr/bin/make" "cmTC_1830b/fast"
/Library/Developer/CommandLineTools/usr/bin/make -f CMakeFiles/cmTC_1830b.dir/build.make CMakeFiles/cmTC_1830b.dir/build
Building CXX object CMakeFiles/cmTC_1830b.dir/src.cxx.o
/usr/local/bin/g++-8    -DCXX_COMPILER_SUPPORTS__-w   -w -std=gnu++17 -o CMakeFiles/cmTC_1830b.dir/src.cxx.o -c /Users/walterlau/Desktop/teste/lslnis/LSOracle/cmake-build-debug/CMakeFiles/CMakeTmp/src.cxx
Linking CXX executable cmTC_1830b
/Applications/CLion.app/Contents/bin/cmake/mac/bin/cmake -E cmake_link_script CMakeFiles/cmTC_1830b.dir/link.txt --verbose=1
/usr/local/bin/g++-8   -DCXX_COMPILER_SUPPORTS__-w -Wl,-search_paths_first -Wl,-headerpad_max_install_names   CMakeFiles/cmTC_1830b.dir/src.cxx.o  -o cmTC_1830b 

Source file was:
int main() { return 0; }
Performing C++ SOURCE FILE Test READLINE_WORKS succeeded with the following output:
Change Dir: /Users/walterlau/Desktop/teste/lslnis/LSOracle/cmake-build-debug/CMakeFiles/CMakeTmp

Run Build Command:"/usr/bin/make" "cmTC_dda6e/fast"
/Library/Developer/CommandLineTools/usr/bin/make -f CMakeFiles/cmTC_dda6e.dir/build.make CMakeFiles/cmTC_dda6e.dir/build
Building CXX object CMakeFiles/cmTC_dda6e.dir/src.cxx.o
/usr/local/bin/g++-8    -Wall -DREADLINE_WORKS   -o CMakeFiles/cmTC_dda6e.dir/src.cxx.o -c /Users/walterlau/Desktop/teste/lslnis/LSOracle/cmake-build-debug/CMakeFiles/CMakeTmp/src.cxx
Linking CXX executable cmTC_dda6e
/Applications/CLion.app/Contents/bin/cmake/mac/bin/cmake -E cmake_link_script CMakeFiles/cmTC_dda6e.dir/link.txt --verbose=1
/usr/local/bin/g++-8   -Wall -DREADLINE_WORKS -Wl,-search_paths_first -Wl,-headerpad_max_install_names   CMakeFiles/cmTC_dda6e.dir/src.cxx.o  -o cmTC_dda6e -lreadline 

Return value: 1
Source file was:

#include <stdio.h>
#include <readline/readline.h>
void foo() { readline("foo"); }
int main() { return 0; }

Performing C++ SOURCE FILE Test HAS_NO_UNNEEDED_INTERNAL_DECLARATION succeeded with the following output:
Change Dir: /Users/walterlau/Desktop/teste/lslnis/LSOracle/cmake-build-debug/CMakeFiles/CMakeTmp

Run Build Command:"/usr/bin/make" "cmTC_15ceb/fast"
/Library/Developer/CommandLineTools/usr/bin/make -f CMakeFiles/cmTC_15ceb.dir/build.make CMakeFiles/cmTC_15ceb.dir/build
Building CXX object CMakeFiles/cmTC_15ceb.dir/src.cxx.o
/usr/local/bin/g++-8    -Wall -DHAS_NO_UNNEEDED_INTERNAL_DECLARATION   -Wno-unneeded-internal-declaration -std=gnu++14 -o CMakeFiles/cmTC_15ceb.dir/src.cxx.o -c /Users/walterlau/Desktop/teste/lslnis/LSOracle/cmake-build-debug/CMakeFiles/CMakeTmp/src.cxx
Linking CXX executable cmTC_15ceb
/Applications/CLion.app/Contents/bin/cmake/mac/bin/cmake -E cmake_link_script CMakeFiles/cmTC_15ceb.dir/link.txt --verbose=1
/usr/local/bin/g++-8   -Wall -DHAS_NO_UNNEEDED_INTERNAL_DECLARATION -Wl,-search_paths_first -Wl,-headerpad_max_install_names   CMakeFiles/cmTC_15ceb.dir/src.cxx.o  -o cmTC_15ceb 

Source file was:
int main() { return 0; }
Performing C++ SOURCE FILE Test HAS_NO_DEPRECATED_DECLARATIONS succeeded with the following output:
Change Dir: /Users/walterlau/Desktop/teste/lslnis/LSOracle/cmake-build-debug/CMakeFiles/CMakeTmp

Run Build Command:"/usr/bin/make" "cmTC_24cf3/fast"
/Library/Developer/CommandLineTools/usr/bin/make -f CMakeFiles/cmTC_24cf3.dir/build.make CMakeFiles/cmTC_24cf3.dir/build
Building CXX object CMakeFiles/cmTC_24cf3.dir/src.cxx.o
/usr/local/bin/g++-8    -Wall -DHAS_NO_DEPRECATED_DECLARATIONS   -Wno-deprecated-declarations -std=gnu++14 -o CMakeFiles/cmTC_24cf3.dir/src.cxx.o -c /Users/walterlau/Desktop/teste/lslnis/LSOracle/cmake-build-debug/CMakeFiles/CMakeTmp/src.cxx
Linking CXX executable cmTC_24cf3
/Applications/CLion.app/Contents/bin/cmake/mac/bin/cmake -E cmake_link_script CMakeFiles/cmTC_24cf3.dir/link.txt --verbose=1
/usr/local/bin/g++-8   -Wall -DHAS_NO_DEPRECATED_DECLARATIONS -Wl,-search_paths_first -Wl,-headerpad_max_install_names   CMakeFiles/cmTC_24cf3.dir/src.cxx.o  -o cmTC_24cf3 

Source file was:
int main() { return 0; }
Performing C++ SOURCE FILE Test HAS_WNO_UNKNOWN_PRAGMAS succeeded with the following output:
Change Dir: /Users/walterlau/Desktop/teste/lslnis/LSOracle/cmake-build-debug/CMakeFiles/CMakeTmp

Run Build Command:"/usr/bin/make" "cmTC_64e49/fast"
/Library/Developer/CommandLineTools/usr/bin/make -f CMakeFiles/cmTC_64e49.dir/build.make CMakeFiles/cmTC_64e49.dir/build
Building CXX object CMakeFiles/cmTC_64e49.dir/src.cxx.o
/usr/local/bin/g++-8    -DHAS_WNO_UNKNOWN_PRAGMAS   -Wno-unknown-pragmas -std=gnu++17 -o CMakeFiles/cmTC_64e49.dir/src.cxx.o -c /Users/walterlau/Desktop/teste/lslnis/LSOracle/cmake-build-debug/CMakeFiles/CMakeTmp/src.cxx
Linking CXX executable cmTC_64e49
/Applications/CLion.app/Contents/bin/cmake/mac/bin/cmake -E cmake_link_script CMakeFiles/cmTC_64e49.dir/link.txt --verbose=1
/usr/local/bin/g++-8   -DHAS_WNO_UNKNOWN_PRAGMAS -Wl,-search_paths_first -Wl,-headerpad_max_install_names   CMakeFiles/cmTC_64e49.dir/src.cxx.o  -o cmTC_64e49 

Source file was:
int main() { return 0; }
Determining if the include file pthread.h exists passed with the following output:
Change Dir: /Users/walterlau/Desktop/teste/lslnis/LSOracle/cmake-build-debug/CMakeFiles/CMakeTmp

Run Build Command:"/usr/bin/make" "cmTC_c867f/fast"
/Library/Developer/CommandLineTools/usr/bin/make -f CMakeFiles/cmTC_c867f.dir/build.make CMakeFiles/cmTC_c867f.dir/build
Building C object CMakeFiles/cmTC_c867f.dir/CheckIncludeFile.c.o
/usr/local/bin/gcc-8    -o CMakeFiles/cmTC_c867f.dir/CheckIncludeFile.c.o   -c /Users/walterlau/Desktop/teste/lslnis/LSOracle/cmake-build-debug/CMakeFiles/CMakeTmp/CheckIncludeFile.c
Linking C executable cmTC_c867f
/Applications/CLion.app/Contents/bin/cmake/mac/bin/cmake -E cmake_link_script CMakeFiles/cmTC_c867f.dir/link.txt --verbose=1
/usr/local/bin/gcc-8   -Wl,-search_paths_first -Wl,-headerpad_max_install_names   CMakeFiles/cmTC_c867f.dir/CheckIncludeFile.c.o  -o cmTC_c867f 


Determining if the pthread_create exist passed with the following output:
Change Dir: /Users/walterlau/Desktop/teste/lslnis/LSOracle/cmake-build-debug/CMakeFiles/CMakeTmp

Run Build Command:"/usr/bin/make" "cmTC_17dbc/fast"
/Library/Developer/CommandLineTools/usr/bin/make -f CMakeFiles/cmTC_17dbc.dir/build.make CMakeFiles/cmTC_17dbc.dir/build
Building C object CMakeFiles/cmTC_17dbc.dir/CheckSymbolExists.c.o
/usr/local/bin/gcc-8    -o CMakeFiles/cmTC_17dbc.dir/CheckSymbolExists.c.o   -c /Users/walterlau/Desktop/teste/lslnis/LSOracle/cmake-build-debug/CMakeFiles/CMakeTmp/CheckSymbolExists.c
Linking C executable cmTC_17dbc
/Applications/CLion.app/Contents/bin/cmake/mac/bin/cmake -E cmake_link_script CMakeFiles/cmTC_17dbc.dir/link.txt --verbose=1
/usr/local/bin/gcc-8   -Wl,-search_paths_first -Wl,-headerpad_max_install_names   CMakeFiles/cmTC_17dbc.dir/CheckSymbolExists.c.o  -o cmTC_17dbc 

File /Users/walterlau/Desktop/teste/lslnis/LSOracle/cmake-build-debug/CMakeFiles/CMakeTmp/CheckSymbolExists.c:
/* */
#include <pthread.h>

int main(int argc, char** argv)
{
  (void)argv;
#ifndef pthread_create
  return ((int*)(&pthread_create))[argc];
#else
  (void)argc;
  return 0;
#endif
}

