Performing C++ SOURCE FILE Test HAS_FCOLOR_DIAGNOSTICS failed with the following output:
Change Dir: /Users/walterlau/Desktop/teste/lslnis/LSOracle/cmake-build-debug/CMakeFiles/CMakeTmp

Run Build Command:"/usr/bin/make" "cmTC_ee165/fast"
/Library/Developer/CommandLineTools/usr/bin/make -f CMakeFiles/cmTC_ee165.dir/build.make CMakeFiles/cmTC_ee165.dir/build
Building CXX object CMakeFiles/cmTC_ee165.dir/src.cxx.o
/usr/local/bin/g++-8    -DHAS_FCOLOR_DIAGNOSTICS   -fcolor-diagnostics -std=gnu++17 -o CMakeFiles/cmTC_ee165.dir/src.cxx.o -c /Users/walterlau/Desktop/teste/lslnis/LSOracle/cmake-build-debug/CMakeFiles/CMakeTmp/src.cxx
g++-8: error: unrecognized command line option '-fcolor-diagnostics'
make[1]: *** [CMakeFiles/cmTC_ee165.dir/src.cxx.o] Error 1
make: *** [cmTC_ee165/fast] Error 2

Source file was:
int main() { return 0; }
Performing C SOURCE FILE Test C_COMPILER_SUPPORTS__-fpermissive failed with the following output:
Change Dir: /Users/walterlau/Desktop/teste/lslnis/LSOracle/cmake-build-debug/CMakeFiles/CMakeTmp

Run Build Command:"/usr/bin/make" "cmTC_c8ec4/fast"
/Library/Developer/CommandLineTools/usr/bin/make -f CMakeFiles/cmTC_c8ec4.dir/build.make CMakeFiles/cmTC_c8ec4.dir/build
Building C object CMakeFiles/cmTC_c8ec4.dir/src.c.o
/usr/local/bin/gcc-8   -DC_COMPILER_SUPPORTS__-fpermissive   -fpermissive -o CMakeFiles/cmTC_c8ec4.dir/src.c.o   -c /Users/walterlau/Desktop/teste/lslnis/LSOracle/cmake-build-debug/CMakeFiles/CMakeTmp/src.c
cc1: warning: command line option '-fpermissive' is valid for C++/ObjC++ but not for C
<command-line>: warning: ISO C99 requires whitespace after the macro name
Linking C executable cmTC_c8ec4
/Applications/CLion.app/Contents/bin/cmake/mac/bin/cmake -E cmake_link_script CMakeFiles/cmTC_c8ec4.dir/link.txt --verbose=1
/usr/local/bin/gcc-8  -DC_COMPILER_SUPPORTS__-fpermissive -Wl,-search_paths_first -Wl,-headerpad_max_install_names   CMakeFiles/cmTC_c8ec4.dir/src.c.o  -o cmTC_c8ec4 

Source file was:
int main(void) { return 0; }
