The system is: Darwin - 18.2.0 - x86_64
Compiling the CXX compiler identification source file "CMakeCXXCompilerId.cpp" succeeded.
Compiler: /usr/local/bin/g++ 
Build flags: 
Id flags:  

The output was:
0


Compilation of the CXX compiler identification source "CMakeCXXCompilerId.cpp" produced "a.out"

The CXX compiler identification is GNU, found in "/Users/walterlau/Desktop/teste/lslnis/LSOracle/build/CMakeFiles/3.12.1/CompilerIdCXX/a.out"

Determining if the CXX compiler works passed with the following output:
Change Dir: /Users/walterlau/Desktop/teste/lslnis/LSOracle/build/CMakeFiles/CMakeTmp

Run Build Command:"/usr/bin/make" "cmTC_befd0/fast"
/Library/Developer/CommandLineTools/usr/bin/make -f CMakeFiles/cmTC_befd0.dir/build.make CMakeFiles/cmTC_befd0.dir/build
Building CXX object CMakeFiles/cmTC_befd0.dir/testCXXCompiler.cxx.o
/usr/local/bin/g++     -o CMakeFiles/cmTC_befd0.dir/testCXXCompiler.cxx.o -c /Users/walterlau/Desktop/teste/lslnis/LSOracle/build/CMakeFiles/CMakeTmp/testCXXCompiler.cxx
Linking CXX executable cmTC_befd0
/usr/local/Cellar/cmake/3.12.1/bin/cmake -E cmake_link_script CMakeFiles/cmTC_befd0.dir/link.txt --verbose=1
/usr/local/bin/g++    -Wl,-search_paths_first -Wl,-headerpad_max_install_names   CMakeFiles/cmTC_befd0.dir/testCXXCompiler.cxx.o  -o cmTC_befd0 


Detecting CXX compiler ABI info compiled with the following output:
Change Dir: /Users/walterlau/Desktop/teste/lslnis/LSOracle/build/CMakeFiles/CMakeTmp

Run Build Command:"/usr/bin/make" "cmTC_0232a/fast"
/Library/Developer/CommandLineTools/usr/bin/make -f CMakeFiles/cmTC_0232a.dir/build.make CMakeFiles/cmTC_0232a.dir/build
Building CXX object CMakeFiles/cmTC_0232a.dir/CMakeCXXCompilerABI.cpp.o
/usr/local/bin/g++     -o CMakeFiles/cmTC_0232a.dir/CMakeCXXCompilerABI.cpp.o -c /usr/local/Cellar/cmake/3.12.1/share/cmake/Modules/CMakeCXXCompilerABI.cpp
Linking CXX executable cmTC_0232a
/usr/local/Cellar/cmake/3.12.1/bin/cmake -E cmake_link_script CMakeFiles/cmTC_0232a.dir/link.txt --verbose=1
/usr/local/bin/g++    -Wl,-search_paths_first -Wl,-headerpad_max_install_names  -v -Wl,-v CMakeFiles/cmTC_0232a.dir/CMakeCXXCompilerABI.cpp.o  -o cmTC_0232a 
Using built-in specs.
COLLECT_GCC=/usr/local/bin/g++
COLLECT_LTO_WRAPPER=/usr/local/Cellar/gcc/8.2.0/libexec/gcc/x86_64-apple-darwin17.7.0/8.2.0/lto-wrapper
Target: x86_64-apple-darwin17.7.0
Configured with: ../configure --build=x86_64-apple-darwin17.7.0 --prefix=/usr/local/Cellar/gcc/8.2.0 --libdir=/usr/local/Cellar/gcc/8.2.0/lib/gcc/8 --enable-languages=c,c++,objc,obj-c++,fortran --program-suffix=-8 --with-gmp=/usr/local/opt/gmp --with-mpfr=/usr/local/opt/mpfr --with-mpc=/usr/local/opt/libmpc --with-isl=/usr/local/opt/isl --with-system-zlib --enable-checking=release --with-pkgversion='Homebrew GCC 8.2.0' --with-bugurl=https://github.com/Homebrew/homebrew-core/issues --disable-nls
Thread model: posix
gcc version 8.2.0 (Homebrew GCC 8.2.0) 
COMPILER_PATH=/usr/local/Cellar/gcc/8.2.0/libexec/gcc/x86_64-apple-darwin17.7.0/8.2.0/:/usr/local/Cellar/gcc/8.2.0/libexec/gcc/x86_64-apple-darwin17.7.0/8.2.0/:/usr/local/Cellar/gcc/8.2.0/libexec/gcc/x86_64-apple-darwin17.7.0/:/usr/local/Cellar/gcc/8.2.0/lib/gcc/8/gcc/x86_64-apple-darwin17.7.0/8.2.0/:/usr/local/Cellar/gcc/8.2.0/lib/gcc/8/gcc/x86_64-apple-darwin17.7.0/
LIBRARY_PATH=/usr/local/Cellar/gcc/8.2.0/lib/gcc/8/gcc/x86_64-apple-darwin17.7.0/8.2.0/:/usr/local/Cellar/gcc/8.2.0/lib/gcc/8/gcc/x86_64-apple-darwin17.7.0/8.2.0/../../../
COLLECT_GCC_OPTIONS='-v' '-o' 'cmTC_0232a' '-mmacosx-version-min=10.14.0' '-asm_macosx_version_min=10.14' '-shared-libgcc' '-mtune=core2'
 /usr/local/Cellar/gcc/8.2.0/libexec/gcc/x86_64-apple-darwin17.7.0/8.2.0/collect2 -dynamic -arch x86_64 -macosx_version_min 10.14.0 -weak_reference_mismatches non-weak -o cmTC_0232a -L/usr/local/Cellar/gcc/8.2.0/lib/gcc/8/gcc/x86_64-apple-darwin17.7.0/8.2.0 -L/usr/local/Cellar/gcc/8.2.0/lib/gcc/8/gcc/x86_64-apple-darwin17.7.0/8.2.0/../../.. -search_paths_first -headerpad_max_install_names -v CMakeFiles/cmTC_0232a.dir/CMakeCXXCompilerABI.cpp.o -lstdc++ -no_compact_unwind -lSystem -lgcc_ext.10.5 -lgcc -lSystem -v
collect2 version 8.2.0
/usr/bin/ld -dynamic -arch x86_64 -macosx_version_min 10.14.0 -weak_reference_mismatches non-weak -o cmTC_0232a -L/usr/local/Cellar/gcc/8.2.0/lib/gcc/8/gcc/x86_64-apple-darwin17.7.0/8.2.0 -L/usr/local/Cellar/gcc/8.2.0/lib/gcc/8/gcc/x86_64-apple-darwin17.7.0/8.2.0/../../.. -search_paths_first -headerpad_max_install_names -v CMakeFiles/cmTC_0232a.dir/CMakeCXXCompilerABI.cpp.o -lstdc++ -no_compact_unwind -lSystem -lgcc_ext.10.5 -lgcc -lSystem -v
@(#)PROGRAM:ld  PROJECT:ld64-409.12
BUILD 17:47:51 Sep 25 2018
configured to support archs: armv6 armv7 armv7s arm64 i386 x86_64 x86_64h armv6m armv7k armv7m armv7em
@(#)PROGRAM:ld  PROJECT:ld64-409.12
BUILD 17:47:51 Sep 25 2018
configured to support archs: armv6 armv7 armv7s arm64 i386 x86_64 x86_64h armv6m armv7k armv7m armv7em
Library search paths:
	/usr/local/Cellar/gcc/8.2.0/lib/gcc/8/gcc/x86_64-apple-darwin17.7.0/8.2.0
	/usr/local/Cellar/gcc/8.2.0/lib/gcc/8
	/usr/lib
	/usr/local/lib
Framework search paths:
	/Library/Frameworks/
	/System/Library/Frameworks/
 /usr/bin/nm -n CMakeFiles/cmTC_0232a.dir/CMakeCXXCompilerABI.cpp.o


Parsed CXX implicit link information from above output:
  link line regex: [^( *|.*[/\])(ld|CMAKE_LINK_STARTFILE-NOTFOUND|([^/\]+-)?ld|collect2)[^/\]*( |$)]
  ignore line: [Change Dir: /Users/walterlau/Desktop/teste/lslnis/LSOracle/build/CMakeFiles/CMakeTmp]
  ignore line: []
  ignore line: [Run Build Command:"/usr/bin/make" "cmTC_0232a/fast"]
  ignore line: [/Library/Developer/CommandLineTools/usr/bin/make -f CMakeFiles/cmTC_0232a.dir/build.make CMakeFiles/cmTC_0232a.dir/build]
  ignore line: [Building CXX object CMakeFiles/cmTC_0232a.dir/CMakeCXXCompilerABI.cpp.o]
  ignore line: [/usr/local/bin/g++     -o CMakeFiles/cmTC_0232a.dir/CMakeCXXCompilerABI.cpp.o -c /usr/local/Cellar/cmake/3.12.1/share/cmake/Modules/CMakeCXXCompilerABI.cpp]
  ignore line: [Linking CXX executable cmTC_0232a]
  ignore line: [/usr/local/Cellar/cmake/3.12.1/bin/cmake -E cmake_link_script CMakeFiles/cmTC_0232a.dir/link.txt --verbose=1]
  ignore line: [/usr/local/bin/g++    -Wl,-search_paths_first -Wl,-headerpad_max_install_names  -v -Wl,-v CMakeFiles/cmTC_0232a.dir/CMakeCXXCompilerABI.cpp.o  -o cmTC_0232a ]
  ignore line: [Using built-in specs.]
  ignore line: [COLLECT_GCC=/usr/local/bin/g++]
  ignore line: [COLLECT_LTO_WRAPPER=/usr/local/Cellar/gcc/8.2.0/libexec/gcc/x86_64-apple-darwin17.7.0/8.2.0/lto-wrapper]
  ignore line: [Target: x86_64-apple-darwin17.7.0]
  ignore line: [Configured with: ../configure --build=x86_64-apple-darwin17.7.0 --prefix=/usr/local/Cellar/gcc/8.2.0 --libdir=/usr/local/Cellar/gcc/8.2.0/lib/gcc/8 --enable-languages=c,c++,objc,obj-c++,fortran --program-suffix=-8 --with-gmp=/usr/local/opt/gmp --with-mpfr=/usr/local/opt/mpfr --with-mpc=/usr/local/opt/libmpc --with-isl=/usr/local/opt/isl --with-system-zlib --enable-checking=release --with-pkgversion='Homebrew GCC 8.2.0' --with-bugurl=https://github.com/Homebrew/homebrew-core/issues --disable-nls]
  ignore line: [Thread model: posix]
  ignore line: [gcc version 8.2.0 (Homebrew GCC 8.2.0) ]
  ignore line: [COMPILER_PATH=/usr/local/Cellar/gcc/8.2.0/libexec/gcc/x86_64-apple-darwin17.7.0/8.2.0/:/usr/local/Cellar/gcc/8.2.0/libexec/gcc/x86_64-apple-darwin17.7.0/8.2.0/:/usr/local/Cellar/gcc/8.2.0/libexec/gcc/x86_64-apple-darwin17.7.0/:/usr/local/Cellar/gcc/8.2.0/lib/gcc/8/gcc/x86_64-apple-darwin17.7.0/8.2.0/:/usr/local/Cellar/gcc/8.2.0/lib/gcc/8/gcc/x86_64-apple-darwin17.7.0/]
  ignore line: [LIBRARY_PATH=/usr/local/Cellar/gcc/8.2.0/lib/gcc/8/gcc/x86_64-apple-darwin17.7.0/8.2.0/:/usr/local/Cellar/gcc/8.2.0/lib/gcc/8/gcc/x86_64-apple-darwin17.7.0/8.2.0/../../../]
  ignore line: [COLLECT_GCC_OPTIONS='-v' '-o' 'cmTC_0232a' '-mmacosx-version-min=10.14.0' '-asm_macosx_version_min=10.14' '-shared-libgcc' '-mtune=core2']
  link line: [ /usr/local/Cellar/gcc/8.2.0/libexec/gcc/x86_64-apple-darwin17.7.0/8.2.0/collect2 -dynamic -arch x86_64 -macosx_version_min 10.14.0 -weak_reference_mismatches non-weak -o cmTC_0232a -L/usr/local/Cellar/gcc/8.2.0/lib/gcc/8/gcc/x86_64-apple-darwin17.7.0/8.2.0 -L/usr/local/Cellar/gcc/8.2.0/lib/gcc/8/gcc/x86_64-apple-darwin17.7.0/8.2.0/../../.. -search_paths_first -headerpad_max_install_names -v CMakeFiles/cmTC_0232a.dir/CMakeCXXCompilerABI.cpp.o -lstdc++ -no_compact_unwind -lSystem -lgcc_ext.10.5 -lgcc -lSystem -v]
    arg [/usr/local/Cellar/gcc/8.2.0/libexec/gcc/x86_64-apple-darwin17.7.0/8.2.0/collect2] ==> ignore
    arg [-dynamic] ==> ignore
    arg [-arch] ==> ignore
    arg [x86_64] ==> ignore
    arg [-macosx_version_min] ==> ignore
    arg [10.14.0] ==> ignore
    arg [-weak_reference_mismatches] ==> ignore
    arg [non-weak] ==> ignore
    arg [-o] ==> ignore
    arg [cmTC_0232a] ==> ignore
    arg [-L/usr/local/Cellar/gcc/8.2.0/lib/gcc/8/gcc/x86_64-apple-darwin17.7.0/8.2.0] ==> dir [/usr/local/Cellar/gcc/8.2.0/lib/gcc/8/gcc/x86_64-apple-darwin17.7.0/8.2.0]
    arg [-L/usr/local/Cellar/gcc/8.2.0/lib/gcc/8/gcc/x86_64-apple-darwin17.7.0/8.2.0/../../..] ==> dir [/usr/local/Cellar/gcc/8.2.0/lib/gcc/8/gcc/x86_64-apple-darwin17.7.0/8.2.0/../../..]
    arg [-search_paths_first] ==> ignore
    arg [-headerpad_max_install_names] ==> ignore
    arg [-v] ==> ignore
    arg [CMakeFiles/cmTC_0232a.dir/CMakeCXXCompilerABI.cpp.o] ==> ignore
    arg [-lstdc++] ==> lib [stdc++]
    arg [-no_compact_unwind] ==> ignore
    arg [-lSystem] ==> lib [System]
    arg [-lgcc_ext.10.5] ==> lib [gcc_ext.10.5]
    arg [-lgcc] ==> lib [gcc]
    arg [-lSystem] ==> lib [System]
    arg [-v] ==> ignore
  Library search paths: [;/usr/local/Cellar/gcc/8.2.0/lib/gcc/8/gcc/x86_64-apple-darwin17.7.0/8.2.0;/usr/local/Cellar/gcc/8.2.0/lib/gcc/8;/usr/lib;/usr/local/lib]
  Framework search paths: [;/Library/Frameworks/;/System/Library/Frameworks/]
  remove lib [System]
  remove lib [System]
  collapse library dir [/usr/local/Cellar/gcc/8.2.0/lib/gcc/8/gcc/x86_64-apple-darwin17.7.0/8.2.0] ==> [/usr/local/Cellar/gcc/8.2.0/lib/gcc/8/gcc/x86_64-apple-darwin17.7.0/8.2.0]
  collapse library dir [/usr/local/Cellar/gcc/8.2.0/lib/gcc/8/gcc/x86_64-apple-darwin17.7.0/8.2.0/../../..] ==> [/usr/local/Cellar/gcc/8.2.0/lib/gcc/8]
  collapse library dir [/usr/local/Cellar/gcc/8.2.0/lib/gcc/8/gcc/x86_64-apple-darwin17.7.0/8.2.0] ==> [/usr/local/Cellar/gcc/8.2.0/lib/gcc/8/gcc/x86_64-apple-darwin17.7.0/8.2.0]
  collapse library dir [/usr/local/Cellar/gcc/8.2.0/lib/gcc/8] ==> [/usr/local/Cellar/gcc/8.2.0/lib/gcc/8]
  collapse library dir [/usr/lib] ==> [/usr/lib]
  collapse library dir [/usr/local/lib] ==> [/usr/local/lib]
  collapse framework dir [/Library/Frameworks/] ==> [/Library/Frameworks]
  collapse framework dir [/System/Library/Frameworks/] ==> [/System/Library/Frameworks]
  implicit libs: [stdc++;gcc_ext.10.5;gcc]
  implicit dirs: [/usr/local/Cellar/gcc/8.2.0/lib/gcc/8/gcc/x86_64-apple-darwin17.7.0/8.2.0;/usr/local/Cellar/gcc/8.2.0/lib/gcc/8;/usr/lib;/usr/local/lib]
  implicit fwks: [/Library/Frameworks;/System/Library/Frameworks]




Detecting CXX [-std=c++2a] compiler features compiled with the following output:
Change Dir: /Users/walterlau/Desktop/teste/lslnis/LSOracle/build/CMakeFiles/CMakeTmp

Run Build Command:"/usr/bin/make" "cmTC_41130/fast"
/Library/Developer/CommandLineTools/usr/bin/make -f CMakeFiles/cmTC_41130.dir/build.make CMakeFiles/cmTC_41130.dir/build
Building CXX object CMakeFiles/cmTC_41130.dir/feature_tests.cxx.o
/usr/local/bin/g++    -std=c++2a -o CMakeFiles/cmTC_41130.dir/feature_tests.cxx.o -c /Users/walterlau/Desktop/teste/lslnis/LSOracle/build/CMakeFiles/feature_tests.cxx
Linking CXX executable cmTC_41130
/usr/local/Cellar/cmake/3.12.1/bin/cmake -E cmake_link_script CMakeFiles/cmTC_41130.dir/link.txt --verbose=1
/usr/local/bin/g++    -Wl,-search_paths_first -Wl,-headerpad_max_install_names   CMakeFiles/cmTC_41130.dir/feature_tests.cxx.o  -o cmTC_41130 


    Feature record: CXX_FEATURE:1cxx_aggregate_default_initializers
    Feature record: CXX_FEATURE:1cxx_alias_templates
    Feature record: CXX_FEATURE:1cxx_alignas
    Feature record: CXX_FEATURE:1cxx_alignof
    Feature record: CXX_FEATURE:1cxx_attributes
    Feature record: CXX_FEATURE:1cxx_attribute_deprecated
    Feature record: CXX_FEATURE:1cxx_auto_type
    Feature record: CXX_FEATURE:1cxx_binary_literals
    Feature record: CXX_FEATURE:1cxx_constexpr
    Feature record: CXX_FEATURE:1cxx_contextual_conversions
    Feature record: CXX_FEATURE:1cxx_decltype
    Feature record: CXX_FEATURE:1cxx_decltype_auto
    Feature record: CXX_FEATURE:1cxx_decltype_incomplete_return_types
    Feature record: CXX_FEATURE:1cxx_default_function_template_args
    Feature record: CXX_FEATURE:1cxx_defaulted_functions
    Feature record: CXX_FEATURE:1cxx_defaulted_move_initializers
    Feature record: CXX_FEATURE:1cxx_delegating_constructors
    Feature record: CXX_FEATURE:1cxx_deleted_functions
    Feature record: CXX_FEATURE:1cxx_digit_separators
    Feature record: CXX_FEATURE:1cxx_enum_forward_declarations
    Feature record: CXX_FEATURE:1cxx_explicit_conversions
    Feature record: CXX_FEATURE:1cxx_extended_friend_declarations
    Feature record: CXX_FEATURE:1cxx_extern_templates
    Feature record: CXX_FEATURE:1cxx_final
    Feature record: CXX_FEATURE:1cxx_func_identifier
    Feature record: CXX_FEATURE:1cxx_generalized_initializers
    Feature record: CXX_FEATURE:1cxx_generic_lambdas
    Feature record: CXX_FEATURE:1cxx_inheriting_constructors
    Feature record: CXX_FEATURE:1cxx_inline_namespaces
    Feature record: CXX_FEATURE:1cxx_lambdas
    Feature record: CXX_FEATURE:1cxx_lambda_init_captures
    Feature record: CXX_FEATURE:1cxx_local_type_template_args
    Feature record: CXX_FEATURE:1cxx_long_long_type
    Feature record: CXX_FEATURE:1cxx_noexcept
    Feature record: CXX_FEATURE:1cxx_nonstatic_member_init
    Feature record: CXX_FEATURE:1cxx_nullptr
    Feature record: CXX_FEATURE:1cxx_override
    Feature record: CXX_FEATURE:1cxx_range_for
    Feature record: CXX_FEATURE:1cxx_raw_string_literals
    Feature record: CXX_FEATURE:1cxx_reference_qualified_functions
    Feature record: CXX_FEATURE:1cxx_relaxed_constexpr
    Feature record: CXX_FEATURE:1cxx_return_type_deduction
    Feature record: CXX_FEATURE:1cxx_right_angle_brackets
    Feature record: CXX_FEATURE:1cxx_rvalue_references
    Feature record: CXX_FEATURE:1cxx_sizeof_member
    Feature record: CXX_FEATURE:1cxx_static_assert
    Feature record: CXX_FEATURE:1cxx_strong_enums
    Feature record: CXX_FEATURE:1cxx_template_template_parameters
    Feature record: CXX_FEATURE:1cxx_thread_local
    Feature record: CXX_FEATURE:1cxx_trailing_return_types
    Feature record: CXX_FEATURE:1cxx_unicode_literals
    Feature record: CXX_FEATURE:1cxx_uniform_initialization
    Feature record: CXX_FEATURE:1cxx_unrestricted_unions
    Feature record: CXX_FEATURE:1cxx_user_literals
    Feature record: CXX_FEATURE:1cxx_variable_templates
    Feature record: CXX_FEATURE:1cxx_variadic_macros
    Feature record: CXX_FEATURE:1cxx_variadic_templates


Detecting CXX [-std=c++17] compiler features compiled with the following output:
Change Dir: /Users/walterlau/Desktop/teste/lslnis/LSOracle/build/CMakeFiles/CMakeTmp

Run Build Command:"/usr/bin/make" "cmTC_61ee5/fast"
/Library/Developer/CommandLineTools/usr/bin/make -f CMakeFiles/cmTC_61ee5.dir/build.make CMakeFiles/cmTC_61ee5.dir/build
Building CXX object CMakeFiles/cmTC_61ee5.dir/feature_tests.cxx.o
/usr/local/bin/g++    -std=c++17 -o CMakeFiles/cmTC_61ee5.dir/feature_tests.cxx.o -c /Users/walterlau/Desktop/teste/lslnis/LSOracle/build/CMakeFiles/feature_tests.cxx
Linking CXX executable cmTC_61ee5
/usr/local/Cellar/cmake/3.12.1/bin/cmake -E cmake_link_script CMakeFiles/cmTC_61ee5.dir/link.txt --verbose=1
/usr/local/bin/g++    -Wl,-search_paths_first -Wl,-headerpad_max_install_names   CMakeFiles/cmTC_61ee5.dir/feature_tests.cxx.o  -o cmTC_61ee5 


    Feature record: CXX_FEATURE:1cxx_aggregate_default_initializers
    Feature record: CXX_FEATURE:1cxx_alias_templates
    Feature record: CXX_FEATURE:1cxx_alignas
    Feature record: CXX_FEATURE:1cxx_alignof
    Feature record: CXX_FEATURE:1cxx_attributes
    Feature record: CXX_FEATURE:1cxx_attribute_deprecated
    Feature record: CXX_FEATURE:1cxx_auto_type
    Feature record: CXX_FEATURE:1cxx_binary_literals
    Feature record: CXX_FEATURE:1cxx_constexpr
    Feature record: CXX_FEATURE:1cxx_contextual_conversions
    Feature record: CXX_FEATURE:1cxx_decltype
    Feature record: CXX_FEATURE:1cxx_decltype_auto
    Feature record: CXX_FEATURE:1cxx_decltype_incomplete_return_types
    Feature record: CXX_FEATURE:1cxx_default_function_template_args
    Feature record: CXX_FEATURE:1cxx_defaulted_functions
    Feature record: CXX_FEATURE:1cxx_defaulted_move_initializers
    Feature record: CXX_FEATURE:1cxx_delegating_constructors
    Feature record: CXX_FEATURE:1cxx_deleted_functions
    Feature record: CXX_FEATURE:1cxx_digit_separators
    Feature record: CXX_FEATURE:1cxx_enum_forward_declarations
    Feature record: CXX_FEATURE:1cxx_explicit_conversions
    Feature record: CXX_FEATURE:1cxx_extended_friend_declarations
    Feature record: CXX_FEATURE:1cxx_extern_templates
    Feature record: CXX_FEATURE:1cxx_final
    Feature record: CXX_FEATURE:1cxx_func_identifier
    Feature record: CXX_FEATURE:1cxx_generalized_initializers
    Feature record: CXX_FEATURE:1cxx_generic_lambdas
    Feature record: CXX_FEATURE:1cxx_inheriting_constructors
    Feature record: CXX_FEATURE:1cxx_inline_namespaces
    Feature record: CXX_FEATURE:1cxx_lambdas
    Feature record: CXX_FEATURE:1cxx_lambda_init_captures
    Feature record: CXX_FEATURE:1cxx_local_type_template_args
    Feature record: CXX_FEATURE:1cxx_long_long_type
    Feature record: CXX_FEATURE:1cxx_noexcept
    Feature record: CXX_FEATURE:1cxx_nonstatic_member_init
    Feature record: CXX_FEATURE:1cxx_nullptr
    Feature record: CXX_FEATURE:1cxx_override
    Feature record: CXX_FEATURE:1cxx_range_for
    Feature record: CXX_FEATURE:1cxx_raw_string_literals
    Feature record: CXX_FEATURE:1cxx_reference_qualified_functions
    Feature record: CXX_FEATURE:1cxx_relaxed_constexpr
    Feature record: CXX_FEATURE:1cxx_return_type_deduction
    Feature record: CXX_FEATURE:1cxx_right_angle_brackets
    Feature record: CXX_FEATURE:1cxx_rvalue_references
    Feature record: CXX_FEATURE:1cxx_sizeof_member
    Feature record: CXX_FEATURE:1cxx_static_assert
    Feature record: CXX_FEATURE:1cxx_strong_enums
    Feature record: CXX_FEATURE:1cxx_template_template_parameters
    Feature record: CXX_FEATURE:1cxx_thread_local
    Feature record: CXX_FEATURE:1cxx_trailing_return_types
    Feature record: CXX_FEATURE:1cxx_unicode_literals
    Feature record: CXX_FEATURE:1cxx_uniform_initialization
    Feature record: CXX_FEATURE:1cxx_unrestricted_unions
    Feature record: CXX_FEATURE:1cxx_user_literals
    Feature record: CXX_FEATURE:1cxx_variable_templates
    Feature record: CXX_FEATURE:1cxx_variadic_macros
    Feature record: CXX_FEATURE:1cxx_variadic_templates


Detecting CXX [-std=c++14] compiler features compiled with the following output:
Change Dir: /Users/walterlau/Desktop/teste/lslnis/LSOracle/build/CMakeFiles/CMakeTmp

Run Build Command:"/usr/bin/make" "cmTC_a87d1/fast"
/Library/Developer/CommandLineTools/usr/bin/make -f CMakeFiles/cmTC_a87d1.dir/build.make CMakeFiles/cmTC_a87d1.dir/build
Building CXX object CMakeFiles/cmTC_a87d1.dir/feature_tests.cxx.o
/usr/local/bin/g++    -std=c++14 -o CMakeFiles/cmTC_a87d1.dir/feature_tests.cxx.o -c /Users/walterlau/Desktop/teste/lslnis/LSOracle/build/CMakeFiles/feature_tests.cxx
Linking CXX executable cmTC_a87d1
/usr/local/Cellar/cmake/3.12.1/bin/cmake -E cmake_link_script CMakeFiles/cmTC_a87d1.dir/link.txt --verbose=1
/usr/local/bin/g++    -Wl,-search_paths_first -Wl,-headerpad_max_install_names   CMakeFiles/cmTC_a87d1.dir/feature_tests.cxx.o  -o cmTC_a87d1 


    Feature record: CXX_FEATURE:1cxx_aggregate_default_initializers
    Feature record: CXX_FEATURE:1cxx_alias_templates
    Feature record: CXX_FEATURE:1cxx_alignas
    Feature record: CXX_FEATURE:1cxx_alignof
    Feature record: CXX_FEATURE:1cxx_attributes
    Feature record: CXX_FEATURE:1cxx_attribute_deprecated
    Feature record: CXX_FEATURE:1cxx_auto_type
    Feature record: CXX_FEATURE:1cxx_binary_literals
    Feature record: CXX_FEATURE:1cxx_constexpr
    Feature record: CXX_FEATURE:1cxx_contextual_conversions
    Feature record: CXX_FEATURE:1cxx_decltype
    Feature record: CXX_FEATURE:1cxx_decltype_auto
    Feature record: CXX_FEATURE:1cxx_decltype_incomplete_return_types
    Feature record: CXX_FEATURE:1cxx_default_function_template_args
    Feature record: CXX_FEATURE:1cxx_defaulted_functions
    Feature record: CXX_FEATURE:1cxx_defaulted_move_initializers
    Feature record: CXX_FEATURE:1cxx_delegating_constructors
    Feature record: CXX_FEATURE:1cxx_deleted_functions
    Feature record: CXX_FEATURE:1cxx_digit_separators
    Feature record: CXX_FEATURE:1cxx_enum_forward_declarations
    Feature record: CXX_FEATURE:1cxx_explicit_conversions
    Feature record: CXX_FEATURE:1cxx_extended_friend_declarations
    Feature record: CXX_FEATURE:1cxx_extern_templates
    Feature record: CXX_FEATURE:1cxx_final
    Feature record: CXX_FEATURE:1cxx_func_identifier
    Feature record: CXX_FEATURE:1cxx_generalized_initializers
    Feature record: CXX_FEATURE:1cxx_generic_lambdas
    Feature record: CXX_FEATURE:1cxx_inheriting_constructors
    Feature record: CXX_FEATURE:1cxx_inline_namespaces
    Feature record: CXX_FEATURE:1cxx_lambdas
    Feature record: CXX_FEATURE:1cxx_lambda_init_captures
    Feature record: CXX_FEATURE:1cxx_local_type_template_args
    Feature record: CXX_FEATURE:1cxx_long_long_type
    Feature record: CXX_FEATURE:1cxx_noexcept
    Feature record: CXX_FEATURE:1cxx_nonstatic_member_init
    Feature record: CXX_FEATURE:1cxx_nullptr
    Feature record: CXX_FEATURE:1cxx_override
    Feature record: CXX_FEATURE:1cxx_range_for
    Feature record: CXX_FEATURE:1cxx_raw_string_literals
    Feature record: CXX_FEATURE:1cxx_reference_qualified_functions
    Feature record: CXX_FEATURE:1cxx_relaxed_constexpr
    Feature record: CXX_FEATURE:1cxx_return_type_deduction
    Feature record: CXX_FEATURE:1cxx_right_angle_brackets
    Feature record: CXX_FEATURE:1cxx_rvalue_references
    Feature record: CXX_FEATURE:1cxx_sizeof_member
    Feature record: CXX_FEATURE:1cxx_static_assert
    Feature record: CXX_FEATURE:1cxx_strong_enums
    Feature record: CXX_FEATURE:1cxx_template_template_parameters
    Feature record: CXX_FEATURE:1cxx_thread_local
    Feature record: CXX_FEATURE:1cxx_trailing_return_types
    Feature record: CXX_FEATURE:1cxx_unicode_literals
    Feature record: CXX_FEATURE:1cxx_uniform_initialization
    Feature record: CXX_FEATURE:1cxx_unrestricted_unions
    Feature record: CXX_FEATURE:1cxx_user_literals
    Feature record: CXX_FEATURE:1cxx_variable_templates
    Feature record: CXX_FEATURE:1cxx_variadic_macros
    Feature record: CXX_FEATURE:1cxx_variadic_templates


Detecting CXX [-std=c++11] compiler features compiled with the following output:
Change Dir: /Users/walterlau/Desktop/teste/lslnis/LSOracle/build/CMakeFiles/CMakeTmp

Run Build Command:"/usr/bin/make" "cmTC_2425d/fast"
/Library/Developer/CommandLineTools/usr/bin/make -f CMakeFiles/cmTC_2425d.dir/build.make CMakeFiles/cmTC_2425d.dir/build
Building CXX object CMakeFiles/cmTC_2425d.dir/feature_tests.cxx.o
/usr/local/bin/g++    -std=c++11 -o CMakeFiles/cmTC_2425d.dir/feature_tests.cxx.o -c /Users/walterlau/Desktop/teste/lslnis/LSOracle/build/CMakeFiles/feature_tests.cxx
Linking CXX executable cmTC_2425d
/usr/local/Cellar/cmake/3.12.1/bin/cmake -E cmake_link_script CMakeFiles/cmTC_2425d.dir/link.txt --verbose=1
/usr/local/bin/g++    -Wl,-search_paths_first -Wl,-headerpad_max_install_names   CMakeFiles/cmTC_2425d.dir/feature_tests.cxx.o  -o cmTC_2425d 


    Feature record: CXX_FEATURE:0cxx_aggregate_default_initializers
    Feature record: CXX_FEATURE:1cxx_alias_templates
    Feature record: CXX_FEATURE:1cxx_alignas
    Feature record: CXX_FEATURE:1cxx_alignof
    Feature record: CXX_FEATURE:1cxx_attributes
    Feature record: CXX_FEATURE:0cxx_attribute_deprecated
    Feature record: CXX_FEATURE:1cxx_auto_type
    Feature record: CXX_FEATURE:0cxx_binary_literals
    Feature record: CXX_FEATURE:1cxx_constexpr
    Feature record: CXX_FEATURE:0cxx_contextual_conversions
    Feature record: CXX_FEATURE:1cxx_decltype
    Feature record: CXX_FEATURE:0cxx_decltype_auto
    Feature record: CXX_FEATURE:1cxx_decltype_incomplete_return_types
    Feature record: CXX_FEATURE:1cxx_default_function_template_args
    Feature record: CXX_FEATURE:1cxx_defaulted_functions
    Feature record: CXX_FEATURE:1cxx_defaulted_move_initializers
    Feature record: CXX_FEATURE:1cxx_delegating_constructors
    Feature record: CXX_FEATURE:1cxx_deleted_functions
    Feature record: CXX_FEATURE:0cxx_digit_separators
    Feature record: CXX_FEATURE:1cxx_enum_forward_declarations
    Feature record: CXX_FEATURE:1cxx_explicit_conversions
    Feature record: CXX_FEATURE:1cxx_extended_friend_declarations
    Feature record: CXX_FEATURE:1cxx_extern_templates
    Feature record: CXX_FEATURE:1cxx_final
    Feature record: CXX_FEATURE:1cxx_func_identifier
    Feature record: CXX_FEATURE:1cxx_generalized_initializers
    Feature record: CXX_FEATURE:0cxx_generic_lambdas
    Feature record: CXX_FEATURE:1cxx_inheriting_constructors
    Feature record: CXX_FEATURE:1cxx_inline_namespaces
    Feature record: CXX_FEATURE:1cxx_lambdas
    Feature record: CXX_FEATURE:0cxx_lambda_init_captures
    Feature record: CXX_FEATURE:1cxx_local_type_template_args
    Feature record: CXX_FEATURE:1cxx_long_long_type
    Feature record: CXX_FEATURE:1cxx_noexcept
    Feature record: CXX_FEATURE:1cxx_nonstatic_member_init
    Feature record: CXX_FEATURE:1cxx_nullptr
    Feature record: CXX_FEATURE:1cxx_override
    Feature record: CXX_FEATURE:1cxx_range_for
    Feature record: CXX_FEATURE:1cxx_raw_string_literals
    Feature record: CXX_FEATURE:1cxx_reference_qualified_functions
    Feature record: CXX_FEATURE:0cxx_relaxed_constexpr
    Feature record: CXX_FEATURE:0cxx_return_type_deduction
    Feature record: CXX_FEATURE:1cxx_right_angle_brackets
    Feature record: CXX_FEATURE:1cxx_rvalue_references
    Feature record: CXX_FEATURE:1cxx_sizeof_member
    Feature record: CXX_FEATURE:1cxx_static_assert
    Feature record: CXX_FEATURE:1cxx_strong_enums
    Feature record: CXX_FEATURE:1cxx_template_template_parameters
    Feature record: CXX_FEATURE:1cxx_thread_local
    Feature record: CXX_FEATURE:1cxx_trailing_return_types
    Feature record: CXX_FEATURE:1cxx_unicode_literals
    Feature record: CXX_FEATURE:1cxx_uniform_initialization
    Feature record: CXX_FEATURE:1cxx_unrestricted_unions
    Feature record: CXX_FEATURE:1cxx_user_literals
    Feature record: CXX_FEATURE:0cxx_variable_templates
    Feature record: CXX_FEATURE:1cxx_variadic_macros
    Feature record: CXX_FEATURE:1cxx_variadic_templates


Detecting CXX [-std=c++98] compiler features compiled with the following output:
Change Dir: /Users/walterlau/Desktop/teste/lslnis/LSOracle/build/CMakeFiles/CMakeTmp

Run Build Command:"/usr/bin/make" "cmTC_2c18b/fast"
/Library/Developer/CommandLineTools/usr/bin/make -f CMakeFiles/cmTC_2c18b.dir/build.make CMakeFiles/cmTC_2c18b.dir/build
Building CXX object CMakeFiles/cmTC_2c18b.dir/feature_tests.cxx.o
/usr/local/bin/g++    -std=c++98 -o CMakeFiles/cmTC_2c18b.dir/feature_tests.cxx.o -c /Users/walterlau/Desktop/teste/lslnis/LSOracle/build/CMakeFiles/feature_tests.cxx
Linking CXX executable cmTC_2c18b
/usr/local/Cellar/cmake/3.12.1/bin/cmake -E cmake_link_script CMakeFiles/cmTC_2c18b.dir/link.txt --verbose=1
/usr/local/bin/g++    -Wl,-search_paths_first -Wl,-headerpad_max_install_names   CMakeFiles/cmTC_2c18b.dir/feature_tests.cxx.o  -o cmTC_2c18b 


    Feature record: CXX_FEATURE:0cxx_aggregate_default_initializers
    Feature record: CXX_FEATURE:0cxx_alias_templates
    Feature record: CXX_FEATURE:0cxx_alignas
    Feature record: CXX_FEATURE:0cxx_alignof
    Feature record: CXX_FEATURE:0cxx_attributes
    Feature record: CXX_FEATURE:0cxx_attribute_deprecated
    Feature record: CXX_FEATURE:0cxx_auto_type
    Feature record: CXX_FEATURE:0cxx_binary_literals
    Feature record: CXX_FEATURE:0cxx_constexpr
    Feature record: CXX_FEATURE:0cxx_contextual_conversions
    Feature record: CXX_FEATURE:0cxx_decltype
    Feature record: CXX_FEATURE:0cxx_decltype_auto
    Feature record: CXX_FEATURE:0cxx_decltype_incomplete_return_types
    Feature record: CXX_FEATURE:0cxx_default_function_template_args
    Feature record: CXX_FEATURE:0cxx_defaulted_functions
    Feature record: CXX_FEATURE:0cxx_defaulted_move_initializers
    Feature record: CXX_FEATURE:0cxx_delegating_constructors
    Feature record: CXX_FEATURE:0cxx_deleted_functions
    Feature record: CXX_FEATURE:0cxx_digit_separators
    Feature record: CXX_FEATURE:0cxx_enum_forward_declarations
    Feature record: CXX_FEATURE:0cxx_explicit_conversions
    Feature record: CXX_FEATURE:0cxx_extended_friend_declarations
    Feature record: CXX_FEATURE:0cxx_extern_templates
    Feature record: CXX_FEATURE:0cxx_final
    Feature record: CXX_FEATURE:0cxx_func_identifier
    Feature record: CXX_FEATURE:0cxx_generalized_initializers
    Feature record: CXX_FEATURE:0cxx_generic_lambdas
    Feature record: CXX_FEATURE:0cxx_inheriting_constructors
    Feature record: CXX_FEATURE:0cxx_inline_namespaces
    Feature record: CXX_FEATURE:0cxx_lambdas
    Feature record: CXX_FEATURE:0cxx_lambda_init_captures
    Feature record: CXX_FEATURE:0cxx_local_type_template_args
    Feature record: CXX_FEATURE:0cxx_long_long_type
    Feature record: CXX_FEATURE:0cxx_noexcept
    Feature record: CXX_FEATURE:0cxx_nonstatic_member_init
    Feature record: CXX_FEATURE:0cxx_nullptr
    Feature record: CXX_FEATURE:0cxx_override
    Feature record: CXX_FEATURE:0cxx_range_for
    Feature record: CXX_FEATURE:0cxx_raw_string_literals
    Feature record: CXX_FEATURE:0cxx_reference_qualified_functions
    Feature record: CXX_FEATURE:0cxx_relaxed_constexpr
    Feature record: CXX_FEATURE:0cxx_return_type_deduction
    Feature record: CXX_FEATURE:0cxx_right_angle_brackets
    Feature record: CXX_FEATURE:0cxx_rvalue_references
    Feature record: CXX_FEATURE:0cxx_sizeof_member
    Feature record: CXX_FEATURE:0cxx_static_assert
    Feature record: CXX_FEATURE:0cxx_strong_enums
    Feature record: CXX_FEATURE:1cxx_template_template_parameters
    Feature record: CXX_FEATURE:0cxx_thread_local
    Feature record: CXX_FEATURE:0cxx_trailing_return_types
    Feature record: CXX_FEATURE:0cxx_unicode_literals
    Feature record: CXX_FEATURE:0cxx_uniform_initialization
    Feature record: CXX_FEATURE:0cxx_unrestricted_unions
    Feature record: CXX_FEATURE:0cxx_user_literals
    Feature record: CXX_FEATURE:0cxx_variable_templates
    Feature record: CXX_FEATURE:0cxx_variadic_macros
    Feature record: CXX_FEATURE:0cxx_variadic_templates
Compiling the C compiler identification source file "CMakeCCompilerId.c" succeeded.
Compiler: /usr/local/bin/gcc 
Build flags: 
Id flags:  

The output was:
0


Compilation of the C compiler identification source "CMakeCCompilerId.c" produced "a.out"

The C compiler identification is GNU, found in "/Users/walterlau/Desktop/teste/lslnis/LSOracle/build/CMakeFiles/3.12.1/CompilerIdC/a.out"

Determining if the C compiler works passed with the following output:
Change Dir: /Users/walterlau/Desktop/teste/lslnis/LSOracle/build/CMakeFiles/CMakeTmp

Run Build Command:"/usr/bin/make" "cmTC_281bd/fast"
/Library/Developer/CommandLineTools/usr/bin/make -f CMakeFiles/cmTC_281bd.dir/build.make CMakeFiles/cmTC_281bd.dir/build
Building C object CMakeFiles/cmTC_281bd.dir/testCCompiler.c.o
/usr/local/bin/gcc    -o CMakeFiles/cmTC_281bd.dir/testCCompiler.c.o   -c /Users/walterlau/Desktop/teste/lslnis/LSOracle/build/CMakeFiles/CMakeTmp/testCCompiler.c
Linking C executable cmTC_281bd
/usr/local/Cellar/cmake/3.12.1/bin/cmake -E cmake_link_script CMakeFiles/cmTC_281bd.dir/link.txt --verbose=1
/usr/local/bin/gcc   -Wl,-search_paths_first -Wl,-headerpad_max_install_names   CMakeFiles/cmTC_281bd.dir/testCCompiler.c.o  -o cmTC_281bd 


Detecting C compiler ABI info compiled with the following output:
Change Dir: /Users/walterlau/Desktop/teste/lslnis/LSOracle/build/CMakeFiles/CMakeTmp

Run Build Command:"/usr/bin/make" "cmTC_446c1/fast"
/Library/Developer/CommandLineTools/usr/bin/make -f CMakeFiles/cmTC_446c1.dir/build.make CMakeFiles/cmTC_446c1.dir/build
Building C object CMakeFiles/cmTC_446c1.dir/CMakeCCompilerABI.c.o
/usr/local/bin/gcc    -o CMakeFiles/cmTC_446c1.dir/CMakeCCompilerABI.c.o   -c /usr/local/Cellar/cmake/3.12.1/share/cmake/Modules/CMakeCCompilerABI.c
Linking C executable cmTC_446c1
/usr/local/Cellar/cmake/3.12.1/bin/cmake -E cmake_link_script CMakeFiles/cmTC_446c1.dir/link.txt --verbose=1
/usr/local/bin/gcc   -Wl,-search_paths_first -Wl,-headerpad_max_install_names  -v -Wl,-v CMakeFiles/cmTC_446c1.dir/CMakeCCompilerABI.c.o  -o cmTC_446c1 
Using built-in specs.
COLLECT_GCC=/usr/local/bin/gcc
COLLECT_LTO_WRAPPER=/usr/local/Cellar/gcc/8.2.0/libexec/gcc/x86_64-apple-darwin17.7.0/8.2.0/lto-wrapper
Target: x86_64-apple-darwin17.7.0
Configured with: ../configure --build=x86_64-apple-darwin17.7.0 --prefix=/usr/local/Cellar/gcc/8.2.0 --libdir=/usr/local/Cellar/gcc/8.2.0/lib/gcc/8 --enable-languages=c,c++,objc,obj-c++,fortran --program-suffix=-8 --with-gmp=/usr/local/opt/gmp --with-mpfr=/usr/local/opt/mpfr --with-mpc=/usr/local/opt/libmpc --with-isl=/usr/local/opt/isl --with-system-zlib --enable-checking=release --with-pkgversion='Homebrew GCC 8.2.0' --with-bugurl=https://github.com/Homebrew/homebrew-core/issues --disable-nls
Thread model: posix
gcc version 8.2.0 (Homebrew GCC 8.2.0) 
COMPILER_PATH=/usr/local/Cellar/gcc/8.2.0/libexec/gcc/x86_64-apple-darwin17.7.0/8.2.0/:/usr/local/Cellar/gcc/8.2.0/libexec/gcc/x86_64-apple-darwin17.7.0/8.2.0/:/usr/local/Cellar/gcc/8.2.0/libexec/gcc/x86_64-apple-darwin17.7.0/:/usr/local/Cellar/gcc/8.2.0/lib/gcc/8/gcc/x86_64-apple-darwin17.7.0/8.2.0/:/usr/local/Cellar/gcc/8.2.0/lib/gcc/8/gcc/x86_64-apple-darwin17.7.0/
LIBRARY_PATH=/usr/local/Cellar/gcc/8.2.0/lib/gcc/8/gcc/x86_64-apple-darwin17.7.0/8.2.0/:/usr/local/Cellar/gcc/8.2.0/lib/gcc/8/gcc/x86_64-apple-darwin17.7.0/8.2.0/../../../
COLLECT_GCC_OPTIONS='-v' '-o' 'cmTC_446c1' '-mmacosx-version-min=10.14.0' '-asm_macosx_version_min=10.14' '-mtune=core2'
 /usr/local/Cellar/gcc/8.2.0/libexec/gcc/x86_64-apple-darwin17.7.0/8.2.0/collect2 -dynamic -arch x86_64 -macosx_version_min 10.14.0 -weak_reference_mismatches non-weak -o cmTC_446c1 -L/usr/local/Cellar/gcc/8.2.0/lib/gcc/8/gcc/x86_64-apple-darwin17.7.0/8.2.0 -L/usr/local/Cellar/gcc/8.2.0/lib/gcc/8/gcc/x86_64-apple-darwin17.7.0/8.2.0/../../.. -search_paths_first -headerpad_max_install_names -v CMakeFiles/cmTC_446c1.dir/CMakeCCompilerABI.c.o -no_compact_unwind -lSystem -lgcc_ext.10.5 -lgcc -lSystem -v
collect2 version 8.2.0
/usr/bin/ld -dynamic -arch x86_64 -macosx_version_min 10.14.0 -weak_reference_mismatches non-weak -o cmTC_446c1 -L/usr/local/Cellar/gcc/8.2.0/lib/gcc/8/gcc/x86_64-apple-darwin17.7.0/8.2.0 -L/usr/local/Cellar/gcc/8.2.0/lib/gcc/8/gcc/x86_64-apple-darwin17.7.0/8.2.0/../../.. -search_paths_first -headerpad_max_install_names -v CMakeFiles/cmTC_446c1.dir/CMakeCCompilerABI.c.o -no_compact_unwind -lSystem -lgcc_ext.10.5 -lgcc -lSystem -v
@(#)PROGRAM:ld  PROJECT:ld64-409.12
BUILD 17:47:51 Sep 25 2018
configured to support archs: armv6 armv7 armv7s arm64 i386 x86_64 x86_64h armv6m armv7k armv7m armv7em
@(#)PROGRAM:ld  PROJECT:ld64-409.12
BUILD 17:47:51 Sep 25 2018
configured to support archs: armv6 armv7 armv7s arm64 i386 x86_64 x86_64h armv6m armv7k armv7m armv7em
Library search paths:
	/usr/local/Cellar/gcc/8.2.0/lib/gcc/8/gcc/x86_64-apple-darwin17.7.0/8.2.0
	/usr/local/Cellar/gcc/8.2.0/lib/gcc/8
	/usr/lib
	/usr/local/lib
Framework search paths:
	/Library/Frameworks/
	/System/Library/Frameworks/
 /usr/bin/nm -n CMakeFiles/cmTC_446c1.dir/CMakeCCompilerABI.c.o


Parsed C implicit link information from above output:
  link line regex: [^( *|.*[/\])(ld|CMAKE_LINK_STARTFILE-NOTFOUND|([^/\]+-)?ld|collect2)[^/\]*( |$)]
  ignore line: [Change Dir: /Users/walterlau/Desktop/teste/lslnis/LSOracle/build/CMakeFiles/CMakeTmp]
  ignore line: []
  ignore line: [Run Build Command:"/usr/bin/make" "cmTC_446c1/fast"]
  ignore line: [/Library/Developer/CommandLineTools/usr/bin/make -f CMakeFiles/cmTC_446c1.dir/build.make CMakeFiles/cmTC_446c1.dir/build]
  ignore line: [Building C object CMakeFiles/cmTC_446c1.dir/CMakeCCompilerABI.c.o]
  ignore line: [/usr/local/bin/gcc    -o CMakeFiles/cmTC_446c1.dir/CMakeCCompilerABI.c.o   -c /usr/local/Cellar/cmake/3.12.1/share/cmake/Modules/CMakeCCompilerABI.c]
  ignore line: [Linking C executable cmTC_446c1]
  ignore line: [/usr/local/Cellar/cmake/3.12.1/bin/cmake -E cmake_link_script CMakeFiles/cmTC_446c1.dir/link.txt --verbose=1]
  ignore line: [/usr/local/bin/gcc   -Wl,-search_paths_first -Wl,-headerpad_max_install_names  -v -Wl,-v CMakeFiles/cmTC_446c1.dir/CMakeCCompilerABI.c.o  -o cmTC_446c1 ]
  ignore line: [Using built-in specs.]
  ignore line: [COLLECT_GCC=/usr/local/bin/gcc]
  ignore line: [COLLECT_LTO_WRAPPER=/usr/local/Cellar/gcc/8.2.0/libexec/gcc/x86_64-apple-darwin17.7.0/8.2.0/lto-wrapper]
  ignore line: [Target: x86_64-apple-darwin17.7.0]
  ignore line: [Configured with: ../configure --build=x86_64-apple-darwin17.7.0 --prefix=/usr/local/Cellar/gcc/8.2.0 --libdir=/usr/local/Cellar/gcc/8.2.0/lib/gcc/8 --enable-languages=c,c++,objc,obj-c++,fortran --program-suffix=-8 --with-gmp=/usr/local/opt/gmp --with-mpfr=/usr/local/opt/mpfr --with-mpc=/usr/local/opt/libmpc --with-isl=/usr/local/opt/isl --with-system-zlib --enable-checking=release --with-pkgversion='Homebrew GCC 8.2.0' --with-bugurl=https://github.com/Homebrew/homebrew-core/issues --disable-nls]
  ignore line: [Thread model: posix]
  ignore line: [gcc version 8.2.0 (Homebrew GCC 8.2.0) ]
  ignore line: [COMPILER_PATH=/usr/local/Cellar/gcc/8.2.0/libexec/gcc/x86_64-apple-darwin17.7.0/8.2.0/:/usr/local/Cellar/gcc/8.2.0/libexec/gcc/x86_64-apple-darwin17.7.0/8.2.0/:/usr/local/Cellar/gcc/8.2.0/libexec/gcc/x86_64-apple-darwin17.7.0/:/usr/local/Cellar/gcc/8.2.0/lib/gcc/8/gcc/x86_64-apple-darwin17.7.0/8.2.0/:/usr/local/Cellar/gcc/8.2.0/lib/gcc/8/gcc/x86_64-apple-darwin17.7.0/]
  ignore line: [LIBRARY_PATH=/usr/local/Cellar/gcc/8.2.0/lib/gcc/8/gcc/x86_64-apple-darwin17.7.0/8.2.0/:/usr/local/Cellar/gcc/8.2.0/lib/gcc/8/gcc/x86_64-apple-darwin17.7.0/8.2.0/../../../]
  ignore line: [COLLECT_GCC_OPTIONS='-v' '-o' 'cmTC_446c1' '-mmacosx-version-min=10.14.0' '-asm_macosx_version_min=10.14' '-mtune=core2']
  link line: [ /usr/local/Cellar/gcc/8.2.0/libexec/gcc/x86_64-apple-darwin17.7.0/8.2.0/collect2 -dynamic -arch x86_64 -macosx_version_min 10.14.0 -weak_reference_mismatches non-weak -o cmTC_446c1 -L/usr/local/Cellar/gcc/8.2.0/lib/gcc/8/gcc/x86_64-apple-darwin17.7.0/8.2.0 -L/usr/local/Cellar/gcc/8.2.0/lib/gcc/8/gcc/x86_64-apple-darwin17.7.0/8.2.0/../../.. -search_paths_first -headerpad_max_install_names -v CMakeFiles/cmTC_446c1.dir/CMakeCCompilerABI.c.o -no_compact_unwind -lSystem -lgcc_ext.10.5 -lgcc -lSystem -v]
    arg [/usr/local/Cellar/gcc/8.2.0/libexec/gcc/x86_64-apple-darwin17.7.0/8.2.0/collect2] ==> ignore
    arg [-dynamic] ==> ignore
    arg [-arch] ==> ignore
    arg [x86_64] ==> ignore
    arg [-macosx_version_min] ==> ignore
    arg [10.14.0] ==> ignore
    arg [-weak_reference_mismatches] ==> ignore
    arg [non-weak] ==> ignore
    arg [-o] ==> ignore
    arg [cmTC_446c1] ==> ignore
    arg [-L/usr/local/Cellar/gcc/8.2.0/lib/gcc/8/gcc/x86_64-apple-darwin17.7.0/8.2.0] ==> dir [/usr/local/Cellar/gcc/8.2.0/lib/gcc/8/gcc/x86_64-apple-darwin17.7.0/8.2.0]
    arg [-L/usr/local/Cellar/gcc/8.2.0/lib/gcc/8/gcc/x86_64-apple-darwin17.7.0/8.2.0/../../..] ==> dir [/usr/local/Cellar/gcc/8.2.0/lib/gcc/8/gcc/x86_64-apple-darwin17.7.0/8.2.0/../../..]
    arg [-search_paths_first] ==> ignore
    arg [-headerpad_max_install_names] ==> ignore
    arg [-v] ==> ignore
    arg [CMakeFiles/cmTC_446c1.dir/CMakeCCompilerABI.c.o] ==> ignore
    arg [-no_compact_unwind] ==> ignore
    arg [-lSystem] ==> lib [System]
    arg [-lgcc_ext.10.5] ==> lib [gcc_ext.10.5]
    arg [-lgcc] ==> lib [gcc]
    arg [-lSystem] ==> lib [System]
    arg [-v] ==> ignore
  Library search paths: [;/usr/local/Cellar/gcc/8.2.0/lib/gcc/8/gcc/x86_64-apple-darwin17.7.0/8.2.0;/usr/local/Cellar/gcc/8.2.0/lib/gcc/8;/usr/lib;/usr/local/lib]
  Framework search paths: [;/Library/Frameworks/;/System/Library/Frameworks/]
  remove lib [System]
  remove lib [System]
  collapse library dir [/usr/local/Cellar/gcc/8.2.0/lib/gcc/8/gcc/x86_64-apple-darwin17.7.0/8.2.0] ==> [/usr/local/Cellar/gcc/8.2.0/lib/gcc/8/gcc/x86_64-apple-darwin17.7.0/8.2.0]
  collapse library dir [/usr/local/Cellar/gcc/8.2.0/lib/gcc/8/gcc/x86_64-apple-darwin17.7.0/8.2.0/../../..] ==> [/usr/local/Cellar/gcc/8.2.0/lib/gcc/8]
  collapse library dir [/usr/local/Cellar/gcc/8.2.0/lib/gcc/8/gcc/x86_64-apple-darwin17.7.0/8.2.0] ==> [/usr/local/Cellar/gcc/8.2.0/lib/gcc/8/gcc/x86_64-apple-darwin17.7.0/8.2.0]
  collapse library dir [/usr/local/Cellar/gcc/8.2.0/lib/gcc/8] ==> [/usr/local/Cellar/gcc/8.2.0/lib/gcc/8]
  collapse library dir [/usr/lib] ==> [/usr/lib]
  collapse library dir [/usr/local/lib] ==> [/usr/local/lib]
  collapse framework dir [/Library/Frameworks/] ==> [/Library/Frameworks]
  collapse framework dir [/System/Library/Frameworks/] ==> [/System/Library/Frameworks]
  implicit libs: [gcc_ext.10.5;gcc]
  implicit dirs: [/usr/local/Cellar/gcc/8.2.0/lib/gcc/8/gcc/x86_64-apple-darwin17.7.0/8.2.0;/usr/local/Cellar/gcc/8.2.0/lib/gcc/8;/usr/lib;/usr/local/lib]
  implicit fwks: [/Library/Frameworks;/System/Library/Frameworks]




Detecting C [-std=c11] compiler features compiled with the following output:
Change Dir: /Users/walterlau/Desktop/teste/lslnis/LSOracle/build/CMakeFiles/CMakeTmp

Run Build Command:"/usr/bin/make" "cmTC_70f1c/fast"
/Library/Developer/CommandLineTools/usr/bin/make -f CMakeFiles/cmTC_70f1c.dir/build.make CMakeFiles/cmTC_70f1c.dir/build
Building C object CMakeFiles/cmTC_70f1c.dir/feature_tests.c.o
/usr/local/bin/gcc   -std=c11 -o CMakeFiles/cmTC_70f1c.dir/feature_tests.c.o   -c /Users/walterlau/Desktop/teste/lslnis/LSOracle/build/CMakeFiles/feature_tests.c
Linking C executable cmTC_70f1c
/usr/local/Cellar/cmake/3.12.1/bin/cmake -E cmake_link_script CMakeFiles/cmTC_70f1c.dir/link.txt --verbose=1
/usr/local/bin/gcc   -Wl,-search_paths_first -Wl,-headerpad_max_install_names   CMakeFiles/cmTC_70f1c.dir/feature_tests.c.o  -o cmTC_70f1c 


    Feature record: C_FEATURE:1c_function_prototypes
    Feature record: C_FEATURE:1c_restrict
    Feature record: C_FEATURE:1c_static_assert
    Feature record: C_FEATURE:1c_variadic_macros


Detecting C [-std=c99] compiler features compiled with the following output:
Change Dir: /Users/walterlau/Desktop/teste/lslnis/LSOracle/build/CMakeFiles/CMakeTmp

Run Build Command:"/usr/bin/make" "cmTC_81510/fast"
/Library/Developer/CommandLineTools/usr/bin/make -f CMakeFiles/cmTC_81510.dir/build.make CMakeFiles/cmTC_81510.dir/build
Building C object CMakeFiles/cmTC_81510.dir/feature_tests.c.o
/usr/local/bin/gcc   -std=c99 -o CMakeFiles/cmTC_81510.dir/feature_tests.c.o   -c /Users/walterlau/Desktop/teste/lslnis/LSOracle/build/CMakeFiles/feature_tests.c
Linking C executable cmTC_81510
/usr/local/Cellar/cmake/3.12.1/bin/cmake -E cmake_link_script CMakeFiles/cmTC_81510.dir/link.txt --verbose=1
/usr/local/bin/gcc   -Wl,-search_paths_first -Wl,-headerpad_max_install_names   CMakeFiles/cmTC_81510.dir/feature_tests.c.o  -o cmTC_81510 


    Feature record: C_FEATURE:1c_function_prototypes
    Feature record: C_FEATURE:1c_restrict
    Feature record: C_FEATURE:0c_static_assert
    Feature record: C_FEATURE:1c_variadic_macros


Detecting C [-std=c90] compiler features compiled with the following output:
Change Dir: /Users/walterlau/Desktop/teste/lslnis/LSOracle/build/CMakeFiles/CMakeTmp

Run Build Command:"/usr/bin/make" "cmTC_4ed9f/fast"
/Library/Developer/CommandLineTools/usr/bin/make -f CMakeFiles/cmTC_4ed9f.dir/build.make CMakeFiles/cmTC_4ed9f.dir/build
Building C object CMakeFiles/cmTC_4ed9f.dir/feature_tests.c.o
/usr/local/bin/gcc   -std=c90 -o CMakeFiles/cmTC_4ed9f.dir/feature_tests.c.o   -c /Users/walterlau/Desktop/teste/lslnis/LSOracle/build/CMakeFiles/feature_tests.c
Linking C executable cmTC_4ed9f
/usr/local/Cellar/cmake/3.12.1/bin/cmake -E cmake_link_script CMakeFiles/cmTC_4ed9f.dir/link.txt --verbose=1
/usr/local/bin/gcc   -Wl,-search_paths_first -Wl,-headerpad_max_install_names   CMakeFiles/cmTC_4ed9f.dir/feature_tests.c.o  -o cmTC_4ed9f 


    Feature record: C_FEATURE:1c_function_prototypes
    Feature record: C_FEATURE:0c_restrict
    Feature record: C_FEATURE:0c_static_assert
    Feature record: C_FEATURE:0c_variadic_macros
Performing C SOURCE FILE Test C_COMPILER_SUPPORTS__-Wall succeeded with the following output:
Change Dir: /Users/walterlau/Desktop/teste/lslnis/LSOracle/build/CMakeFiles/CMakeTmp

Run Build Command:"/usr/bin/make" "cmTC_141a9/fast"
/Library/Developer/CommandLineTools/usr/bin/make -f CMakeFiles/cmTC_141a9.dir/build.make CMakeFiles/cmTC_141a9.dir/build
Building C object CMakeFiles/cmTC_141a9.dir/src.c.o
/usr/local/bin/gcc   -DC_COMPILER_SUPPORTS__-Wall   -Wall -o CMakeFiles/cmTC_141a9.dir/src.c.o   -c /Users/walterlau/Desktop/teste/lslnis/LSOracle/build/CMakeFiles/CMakeTmp/src.c
<command-line>: warning: ISO C99 requires whitespace after the macro name
Linking C executable cmTC_141a9
/usr/local/Cellar/cmake/3.12.1/bin/cmake -E cmake_link_script CMakeFiles/cmTC_141a9.dir/link.txt --verbose=1
/usr/local/bin/gcc  -DC_COMPILER_SUPPORTS__-Wall -Wl,-search_paths_first -Wl,-headerpad_max_install_names   CMakeFiles/cmTC_141a9.dir/src.c.o  -o cmTC_141a9 

Source file was:
int main(void) { return 0; }
Performing C++ SOURCE FILE Test CXX_COMPILER_SUPPORTS__-Wall succeeded with the following output:
Change Dir: /Users/walterlau/Desktop/teste/lslnis/LSOracle/build/CMakeFiles/CMakeTmp

Run Build Command:"/usr/bin/make" "cmTC_efa06/fast"
/Library/Developer/CommandLineTools/usr/bin/make -f CMakeFiles/cmTC_efa06.dir/build.make CMakeFiles/cmTC_efa06.dir/build
Building CXX object CMakeFiles/cmTC_efa06.dir/src.cxx.o
/usr/local/bin/g++    -DCXX_COMPILER_SUPPORTS__-Wall   -Wall -std=gnu++17 -o CMakeFiles/cmTC_efa06.dir/src.cxx.o -c /Users/walterlau/Desktop/teste/lslnis/LSOracle/build/CMakeFiles/CMakeTmp/src.cxx
<command-line>: warning: ISO C++11 requires whitespace after the macro name
Linking CXX executable cmTC_efa06
/usr/local/Cellar/cmake/3.12.1/bin/cmake -E cmake_link_script CMakeFiles/cmTC_efa06.dir/link.txt --verbose=1
/usr/local/bin/g++   -DCXX_COMPILER_SUPPORTS__-Wall -Wl,-search_paths_first -Wl,-headerpad_max_install_names   CMakeFiles/cmTC_efa06.dir/src.cxx.o  -o cmTC_efa06 

Source file was:
int main() { return 0; }
Performing C SOURCE FILE Test C_COMPILER_SUPPORTS__-Wno-unused-function succeeded with the following output:
Change Dir: /Users/walterlau/Desktop/teste/lslnis/LSOracle/build/CMakeFiles/CMakeTmp

Run Build Command:"/usr/bin/make" "cmTC_9e223/fast"
/Library/Developer/CommandLineTools/usr/bin/make -f CMakeFiles/cmTC_9e223.dir/build.make CMakeFiles/cmTC_9e223.dir/build
Building C object CMakeFiles/cmTC_9e223.dir/src.c.o
/usr/local/bin/gcc   -DC_COMPILER_SUPPORTS__-Wno-unused-function   -Wno-unused-function -o CMakeFiles/cmTC_9e223.dir/src.c.o   -c /Users/walterlau/Desktop/teste/lslnis/LSOracle/build/CMakeFiles/CMakeTmp/src.c
<command-line>: warning: ISO C99 requires whitespace after the macro name
Linking C executable cmTC_9e223
/usr/local/Cellar/cmake/3.12.1/bin/cmake -E cmake_link_script CMakeFiles/cmTC_9e223.dir/link.txt --verbose=1
/usr/local/bin/gcc  -DC_COMPILER_SUPPORTS__-Wno-unused-function -Wl,-search_paths_first -Wl,-headerpad_max_install_names   CMakeFiles/cmTC_9e223.dir/src.c.o  -o cmTC_9e223 

Source file was:
int main(void) { return 0; }
Performing C++ SOURCE FILE Test CXX_COMPILER_SUPPORTS__-Wno-unused-function succeeded with the following output:
Change Dir: /Users/walterlau/Desktop/teste/lslnis/LSOracle/build/CMakeFiles/CMakeTmp

Run Build Command:"/usr/bin/make" "cmTC_da84c/fast"
/Library/Developer/CommandLineTools/usr/bin/make -f CMakeFiles/cmTC_da84c.dir/build.make CMakeFiles/cmTC_da84c.dir/build
Building CXX object CMakeFiles/cmTC_da84c.dir/src.cxx.o
/usr/local/bin/g++    -DCXX_COMPILER_SUPPORTS__-Wno-unused-function   -Wno-unused-function -std=gnu++17 -o CMakeFiles/cmTC_da84c.dir/src.cxx.o -c /Users/walterlau/Desktop/teste/lslnis/LSOracle/build/CMakeFiles/CMakeTmp/src.cxx
<command-line>: warning: ISO C++11 requires whitespace after the macro name
Linking CXX executable cmTC_da84c
/usr/local/Cellar/cmake/3.12.1/bin/cmake -E cmake_link_script CMakeFiles/cmTC_da84c.dir/link.txt --verbose=1
/usr/local/bin/g++   -DCXX_COMPILER_SUPPORTS__-Wno-unused-function -Wl,-search_paths_first -Wl,-headerpad_max_install_names   CMakeFiles/cmTC_da84c.dir/src.cxx.o  -o cmTC_da84c 

Source file was:
int main() { return 0; }
Performing C SOURCE FILE Test C_COMPILER_SUPPORTS__-Wno-write-strings succeeded with the following output:
Change Dir: /Users/walterlau/Desktop/teste/lslnis/LSOracle/build/CMakeFiles/CMakeTmp

Run Build Command:"/usr/bin/make" "cmTC_835f0/fast"
/Library/Developer/CommandLineTools/usr/bin/make -f CMakeFiles/cmTC_835f0.dir/build.make CMakeFiles/cmTC_835f0.dir/build
Building C object CMakeFiles/cmTC_835f0.dir/src.c.o
/usr/local/bin/gcc   -DC_COMPILER_SUPPORTS__-Wno-write-strings   -Wno-write-strings -o CMakeFiles/cmTC_835f0.dir/src.c.o   -c /Users/walterlau/Desktop/teste/lslnis/LSOracle/build/CMakeFiles/CMakeTmp/src.c
<command-line>: warning: ISO C99 requires whitespace after the macro name
Linking C executable cmTC_835f0
/usr/local/Cellar/cmake/3.12.1/bin/cmake -E cmake_link_script CMakeFiles/cmTC_835f0.dir/link.txt --verbose=1
/usr/local/bin/gcc  -DC_COMPILER_SUPPORTS__-Wno-write-strings -Wl,-search_paths_first -Wl,-headerpad_max_install_names   CMakeFiles/cmTC_835f0.dir/src.c.o  -o cmTC_835f0 

Source file was:
int main(void) { return 0; }
Performing C++ SOURCE FILE Test CXX_COMPILER_SUPPORTS__-Wno-write-strings succeeded with the following output:
Change Dir: /Users/walterlau/Desktop/teste/lslnis/LSOracle/build/CMakeFiles/CMakeTmp

Run Build Command:"/usr/bin/make" "cmTC_7bf72/fast"
/Library/Developer/CommandLineTools/usr/bin/make -f CMakeFiles/cmTC_7bf72.dir/build.make CMakeFiles/cmTC_7bf72.dir/build
Building CXX object CMakeFiles/cmTC_7bf72.dir/src.cxx.o
/usr/local/bin/g++    -DCXX_COMPILER_SUPPORTS__-Wno-write-strings   -Wno-write-strings -std=gnu++17 -o CMakeFiles/cmTC_7bf72.dir/src.cxx.o -c /Users/walterlau/Desktop/teste/lslnis/LSOracle/build/CMakeFiles/CMakeTmp/src.cxx
<command-line>: warning: ISO C++11 requires whitespace after the macro name
Linking CXX executable cmTC_7bf72
/usr/local/Cellar/cmake/3.12.1/bin/cmake -E cmake_link_script CMakeFiles/cmTC_7bf72.dir/link.txt --verbose=1
/usr/local/bin/g++   -DCXX_COMPILER_SUPPORTS__-Wno-write-strings -Wl,-search_paths_first -Wl,-headerpad_max_install_names   CMakeFiles/cmTC_7bf72.dir/src.cxx.o  -o cmTC_7bf72 

Source file was:
int main() { return 0; }
Performing C SOURCE FILE Test C_COMPILER_SUPPORTS__-Wno-sign-compare succeeded with the following output:
Change Dir: /Users/walterlau/Desktop/teste/lslnis/LSOracle/build/CMakeFiles/CMakeTmp

Run Build Command:"/usr/bin/make" "cmTC_d32f2/fast"
/Library/Developer/CommandLineTools/usr/bin/make -f CMakeFiles/cmTC_d32f2.dir/build.make CMakeFiles/cmTC_d32f2.dir/build
Building C object CMakeFiles/cmTC_d32f2.dir/src.c.o
/usr/local/bin/gcc   -DC_COMPILER_SUPPORTS__-Wno-sign-compare   -Wno-sign-compare -o CMakeFiles/cmTC_d32f2.dir/src.c.o   -c /Users/walterlau/Desktop/teste/lslnis/LSOracle/build/CMakeFiles/CMakeTmp/src.c
<command-line>: warning: ISO C99 requires whitespace after the macro name
Linking C executable cmTC_d32f2
/usr/local/Cellar/cmake/3.12.1/bin/cmake -E cmake_link_script CMakeFiles/cmTC_d32f2.dir/link.txt --verbose=1
/usr/local/bin/gcc  -DC_COMPILER_SUPPORTS__-Wno-sign-compare -Wl,-search_paths_first -Wl,-headerpad_max_install_names   CMakeFiles/cmTC_d32f2.dir/src.c.o  -o cmTC_d32f2 

Source file was:
int main(void) { return 0; }
Performing C++ SOURCE FILE Test CXX_COMPILER_SUPPORTS__-Wno-sign-compare succeeded with the following output:
Change Dir: /Users/walterlau/Desktop/teste/lslnis/LSOracle/build/CMakeFiles/CMakeTmp

Run Build Command:"/usr/bin/make" "cmTC_f0f5c/fast"
/Library/Developer/CommandLineTools/usr/bin/make -f CMakeFiles/cmTC_f0f5c.dir/build.make CMakeFiles/cmTC_f0f5c.dir/build
Building CXX object CMakeFiles/cmTC_f0f5c.dir/src.cxx.o
/usr/local/bin/g++    -DCXX_COMPILER_SUPPORTS__-Wno-sign-compare   -Wno-sign-compare -std=gnu++17 -o CMakeFiles/cmTC_f0f5c.dir/src.cxx.o -c /Users/walterlau/Desktop/teste/lslnis/LSOracle/build/CMakeFiles/CMakeTmp/src.cxx
<command-line>: warning: ISO C++11 requires whitespace after the macro name
Linking CXX executable cmTC_f0f5c
/usr/local/Cellar/cmake/3.12.1/bin/cmake -E cmake_link_script CMakeFiles/cmTC_f0f5c.dir/link.txt --verbose=1
/usr/local/bin/g++   -DCXX_COMPILER_SUPPORTS__-Wno-sign-compare -Wl,-search_paths_first -Wl,-headerpad_max_install_names   CMakeFiles/cmTC_f0f5c.dir/src.cxx.o  -o cmTC_f0f5c 

Source file was:
int main() { return 0; }
Performing C++ SOURCE FILE Test CXX_COMPILER_SUPPORTS__-fpermissive succeeded with the following output:
Change Dir: /Users/walterlau/Desktop/teste/lslnis/LSOracle/build/CMakeFiles/CMakeTmp

Run Build Command:"/usr/bin/make" "cmTC_d04c7/fast"
/Library/Developer/CommandLineTools/usr/bin/make -f CMakeFiles/cmTC_d04c7.dir/build.make CMakeFiles/cmTC_d04c7.dir/build
Building CXX object CMakeFiles/cmTC_d04c7.dir/src.cxx.o
/usr/local/bin/g++    -DCXX_COMPILER_SUPPORTS__-fpermissive   -fpermissive -std=gnu++17 -o CMakeFiles/cmTC_d04c7.dir/src.cxx.o -c /Users/walterlau/Desktop/teste/lslnis/LSOracle/build/CMakeFiles/CMakeTmp/src.cxx
<command-line>: warning: ISO C++11 requires whitespace after the macro name
Linking CXX executable cmTC_d04c7
/usr/local/Cellar/cmake/3.12.1/bin/cmake -E cmake_link_script CMakeFiles/cmTC_d04c7.dir/link.txt --verbose=1
/usr/local/bin/g++   -DCXX_COMPILER_SUPPORTS__-fpermissive -Wl,-search_paths_first -Wl,-headerpad_max_install_names   CMakeFiles/cmTC_d04c7.dir/src.cxx.o  -o cmTC_d04c7 

Source file was:
int main() { return 0; }
Performing C SOURCE FILE Test C_COMPILER_SUPPORTS__-w succeeded with the following output:
Change Dir: /Users/walterlau/Desktop/teste/lslnis/LSOracle/build/CMakeFiles/CMakeTmp

Run Build Command:"/usr/bin/make" "cmTC_b75d4/fast"
/Library/Developer/CommandLineTools/usr/bin/make -f CMakeFiles/cmTC_b75d4.dir/build.make CMakeFiles/cmTC_b75d4.dir/build
Building C object CMakeFiles/cmTC_b75d4.dir/src.c.o
/usr/local/bin/gcc   -DC_COMPILER_SUPPORTS__-w   -w -o CMakeFiles/cmTC_b75d4.dir/src.c.o   -c /Users/walterlau/Desktop/teste/lslnis/LSOracle/build/CMakeFiles/CMakeTmp/src.c
Linking C executable cmTC_b75d4
/usr/local/Cellar/cmake/3.12.1/bin/cmake -E cmake_link_script CMakeFiles/cmTC_b75d4.dir/link.txt --verbose=1
/usr/local/bin/gcc  -DC_COMPILER_SUPPORTS__-w -Wl,-search_paths_first -Wl,-headerpad_max_install_names   CMakeFiles/cmTC_b75d4.dir/src.c.o  -o cmTC_b75d4 

Source file was:
int main(void) { return 0; }
Performing C++ SOURCE FILE Test CXX_COMPILER_SUPPORTS__-w succeeded with the following output:
Change Dir: /Users/walterlau/Desktop/teste/lslnis/LSOracle/build/CMakeFiles/CMakeTmp

Run Build Command:"/usr/bin/make" "cmTC_a5fa8/fast"
/Library/Developer/CommandLineTools/usr/bin/make -f CMakeFiles/cmTC_a5fa8.dir/build.make CMakeFiles/cmTC_a5fa8.dir/build
Building CXX object CMakeFiles/cmTC_a5fa8.dir/src.cxx.o
/usr/local/bin/g++    -DCXX_COMPILER_SUPPORTS__-w   -w -std=gnu++17 -o CMakeFiles/cmTC_a5fa8.dir/src.cxx.o -c /Users/walterlau/Desktop/teste/lslnis/LSOracle/build/CMakeFiles/CMakeTmp/src.cxx
Linking CXX executable cmTC_a5fa8
/usr/local/Cellar/cmake/3.12.1/bin/cmake -E cmake_link_script CMakeFiles/cmTC_a5fa8.dir/link.txt --verbose=1
/usr/local/bin/g++   -DCXX_COMPILER_SUPPORTS__-w -Wl,-search_paths_first -Wl,-headerpad_max_install_names   CMakeFiles/cmTC_a5fa8.dir/src.cxx.o  -o cmTC_a5fa8 

Source file was:
int main() { return 0; }
Performing C++ SOURCE FILE Test READLINE_WORKS succeeded with the following output:
Change Dir: /Users/walterlau/Desktop/teste/lslnis/LSOracle/build/CMakeFiles/CMakeTmp

Run Build Command:"/usr/bin/make" "cmTC_87703/fast"
/Library/Developer/CommandLineTools/usr/bin/make -f CMakeFiles/cmTC_87703.dir/build.make CMakeFiles/cmTC_87703.dir/build
Building CXX object CMakeFiles/cmTC_87703.dir/src.cxx.o
/usr/local/bin/g++    -Wall -DREADLINE_WORKS   -o CMakeFiles/cmTC_87703.dir/src.cxx.o -c /Users/walterlau/Desktop/teste/lslnis/LSOracle/build/CMakeFiles/CMakeTmp/src.cxx
Linking CXX executable cmTC_87703
/usr/local/Cellar/cmake/3.12.1/bin/cmake -E cmake_link_script CMakeFiles/cmTC_87703.dir/link.txt --verbose=1
/usr/local/bin/g++   -Wall -DREADLINE_WORKS -Wl,-search_paths_first -Wl,-headerpad_max_install_names   CMakeFiles/cmTC_87703.dir/src.cxx.o  -o cmTC_87703 -lreadline 

Return value: 1
Source file was:

#include <stdio.h>
#include <readline/readline.h>
void foo() { readline("foo"); }
int main() { return 0; }

Performing C++ SOURCE FILE Test HAS_NO_UNNEEDED_INTERNAL_DECLARATION succeeded with the following output:
Change Dir: /Users/walterlau/Desktop/teste/lslnis/LSOracle/build/CMakeFiles/CMakeTmp

Run Build Command:"/usr/bin/make" "cmTC_ed83d/fast"
/Library/Developer/CommandLineTools/usr/bin/make -f CMakeFiles/cmTC_ed83d.dir/build.make CMakeFiles/cmTC_ed83d.dir/build
Building CXX object CMakeFiles/cmTC_ed83d.dir/src.cxx.o
/usr/local/bin/g++    -Wall -DHAS_NO_UNNEEDED_INTERNAL_DECLARATION   -Wno-unneeded-internal-declaration -std=gnu++14 -o CMakeFiles/cmTC_ed83d.dir/src.cxx.o -c /Users/walterlau/Desktop/teste/lslnis/LSOracle/build/CMakeFiles/CMakeTmp/src.cxx
Linking CXX executable cmTC_ed83d
/usr/local/Cellar/cmake/3.12.1/bin/cmake -E cmake_link_script CMakeFiles/cmTC_ed83d.dir/link.txt --verbose=1
/usr/local/bin/g++   -Wall -DHAS_NO_UNNEEDED_INTERNAL_DECLARATION -Wl,-search_paths_first -Wl,-headerpad_max_install_names   CMakeFiles/cmTC_ed83d.dir/src.cxx.o  -o cmTC_ed83d 

Source file was:
int main() { return 0; }
Performing C++ SOURCE FILE Test HAS_NO_DEPRECATED_DECLARATIONS succeeded with the following output:
Change Dir: /Users/walterlau/Desktop/teste/lslnis/LSOracle/build/CMakeFiles/CMakeTmp

Run Build Command:"/usr/bin/make" "cmTC_c30b2/fast"
/Library/Developer/CommandLineTools/usr/bin/make -f CMakeFiles/cmTC_c30b2.dir/build.make CMakeFiles/cmTC_c30b2.dir/build
Building CXX object CMakeFiles/cmTC_c30b2.dir/src.cxx.o
/usr/local/bin/g++    -Wall -DHAS_NO_DEPRECATED_DECLARATIONS   -Wno-deprecated-declarations -std=gnu++14 -o CMakeFiles/cmTC_c30b2.dir/src.cxx.o -c /Users/walterlau/Desktop/teste/lslnis/LSOracle/build/CMakeFiles/CMakeTmp/src.cxx
Linking CXX executable cmTC_c30b2
/usr/local/Cellar/cmake/3.12.1/bin/cmake -E cmake_link_script CMakeFiles/cmTC_c30b2.dir/link.txt --verbose=1
/usr/local/bin/g++   -Wall -DHAS_NO_DEPRECATED_DECLARATIONS -Wl,-search_paths_first -Wl,-headerpad_max_install_names   CMakeFiles/cmTC_c30b2.dir/src.cxx.o  -o cmTC_c30b2 

Source file was:
int main() { return 0; }
Performing C++ SOURCE FILE Test HAS_WNO_UNKNOWN_PRAGMAS succeeded with the following output:
Change Dir: /Users/walterlau/Desktop/teste/lslnis/LSOracle/build/CMakeFiles/CMakeTmp

Run Build Command:"/usr/bin/make" "cmTC_879ec/fast"
/Library/Developer/CommandLineTools/usr/bin/make -f CMakeFiles/cmTC_879ec.dir/build.make CMakeFiles/cmTC_879ec.dir/build
Building CXX object CMakeFiles/cmTC_879ec.dir/src.cxx.o
/usr/local/bin/g++    -DHAS_WNO_UNKNOWN_PRAGMAS   -Wno-unknown-pragmas -std=gnu++17 -o CMakeFiles/cmTC_879ec.dir/src.cxx.o -c /Users/walterlau/Desktop/teste/lslnis/LSOracle/build/CMakeFiles/CMakeTmp/src.cxx
Linking CXX executable cmTC_879ec
/usr/local/Cellar/cmake/3.12.1/bin/cmake -E cmake_link_script CMakeFiles/cmTC_879ec.dir/link.txt --verbose=1
/usr/local/bin/g++   -DHAS_WNO_UNKNOWN_PRAGMAS -Wl,-search_paths_first -Wl,-headerpad_max_install_names   CMakeFiles/cmTC_879ec.dir/src.cxx.o  -o cmTC_879ec 

Source file was:
int main() { return 0; }
Determining if the include file pthread.h exists passed with the following output:
Change Dir: /Users/walterlau/Desktop/teste/lslnis/LSOracle/build/CMakeFiles/CMakeTmp

Run Build Command:"/usr/bin/make" "cmTC_b5083/fast"
/Library/Developer/CommandLineTools/usr/bin/make -f CMakeFiles/cmTC_b5083.dir/build.make CMakeFiles/cmTC_b5083.dir/build
Building C object CMakeFiles/cmTC_b5083.dir/CheckIncludeFile.c.o
/usr/local/bin/gcc    -o CMakeFiles/cmTC_b5083.dir/CheckIncludeFile.c.o   -c /Users/walterlau/Desktop/teste/lslnis/LSOracle/build/CMakeFiles/CMakeTmp/CheckIncludeFile.c
Linking C executable cmTC_b5083
/usr/local/Cellar/cmake/3.12.1/bin/cmake -E cmake_link_script CMakeFiles/cmTC_b5083.dir/link.txt --verbose=1
/usr/local/bin/gcc   -Wl,-search_paths_first -Wl,-headerpad_max_install_names   CMakeFiles/cmTC_b5083.dir/CheckIncludeFile.c.o  -o cmTC_b5083 


Determining if the pthread_create exist passed with the following output:
Change Dir: /Users/walterlau/Desktop/teste/lslnis/LSOracle/build/CMakeFiles/CMakeTmp

Run Build Command:"/usr/bin/make" "cmTC_ad4e1/fast"
/Library/Developer/CommandLineTools/usr/bin/make -f CMakeFiles/cmTC_ad4e1.dir/build.make CMakeFiles/cmTC_ad4e1.dir/build
Building C object CMakeFiles/cmTC_ad4e1.dir/CheckSymbolExists.c.o
/usr/local/bin/gcc    -o CMakeFiles/cmTC_ad4e1.dir/CheckSymbolExists.c.o   -c /Users/walterlau/Desktop/teste/lslnis/LSOracle/build/CMakeFiles/CMakeTmp/CheckSymbolExists.c
Linking C executable cmTC_ad4e1
/usr/local/Cellar/cmake/3.12.1/bin/cmake -E cmake_link_script CMakeFiles/cmTC_ad4e1.dir/link.txt --verbose=1
/usr/local/bin/gcc   -Wl,-search_paths_first -Wl,-headerpad_max_install_names   CMakeFiles/cmTC_ad4e1.dir/CheckSymbolExists.c.o  -o cmTC_ad4e1 

File /Users/walterlau/Desktop/teste/lslnis/LSOracle/build/CMakeFiles/CMakeTmp/CheckSymbolExists.c:
/* */
#include <pthread.h>

int main(int argc, char** argv)
{
  (void)argv;
#ifndef pthread_create
  return ((int*)(&pthread_create))[argc];
#else
  (void)argc;
  return 0;
#endif
}

